query4_1.py
----------------------------------------------------------------------------------------------------
Spark session started for query4_1_BROADCAST !
----------------------------------------------------------------------------------------------------
== Parsed Logical Plan ==
'Join UsingJoin(LeftOuter, [DIVISION])
:- Project [DR_NO#17, Date Rptd#18, DATE OCC#74, TIME OCC#20, AREA#21, upper(DIVISION#132) AS DIVISION#161, Rpt Dist No#23, Part 1-2#24, Crm Cd#25, Crm Cd Desc#26, Mocodes#27, Vict Age#28, Vict Sex#29, Vict Descent#30, Premis Cd#31, Premis Desc#32, Weapon Used Cd#33, Weapon Desc#34, Status#35, Status Desc#36, Crm Cd 1#37, Crm Cd 2#38, Crm Cd 3#39, Crm Cd 4#40, ... 4 more fields]
:  +- Project [DR_NO#17, Date Rptd#18, DATE OCC#74, TIME OCC#20, AREA#21, CASE WHEN (DIVISION#103 = N Hollywood) THEN NORTH HOLLYWOOD WHEN (DIVISION#103 = West LA) THEN WEST LOS ANGELES ELSE DIVISION#103 END AS DIVISION#132, Rpt Dist No#23, Part 1-2#24, Crm Cd#25, Crm Cd Desc#26, Mocodes#27, Vict Age#28, Vict Sex#29, Vict Descent#30, Premis Cd#31, Premis Desc#32, Weapon Used Cd#33, Weapon Desc#34, Status#35, Status Desc#36, Crm Cd 1#37, Crm Cd 2#38, Crm Cd 3#39, Crm Cd 4#40, ... 4 more fields]
:     +- Project [DR_NO#17, Date Rptd#18, DATE OCC#74, TIME OCC#20, AREA#21, AREA NAME#22 AS DIVISION#103, Rpt Dist No#23, Part 1-2#24, Crm Cd#25, Crm Cd Desc#26, Mocodes#27, Vict Age#28, Vict Sex#29, Vict Descent#30, Premis Cd#31, Premis Desc#32, Weapon Used Cd#33, Weapon Desc#34, Status#35, Status Desc#36, Crm Cd 1#37, Crm Cd 2#38, Crm Cd 3#39, Crm Cd 4#40, ... 4 more fields]
:        +- Filter StartsWith(cast(Weapon Used Cd#33 as string), 1)
:           +- Project [DR_NO#17, Date Rptd#18, to_timestamp(DATE OCC#19, Some(MM/dd/yyyy hh:mm:ss a), TimestampType, Some(Europe/Athens), false) AS DATE OCC#74, TIME OCC#20, AREA#21, AREA NAME#22, Rpt Dist No#23, Part 1-2#24, Crm Cd#25, Crm Cd Desc#26, Mocodes#27, Vict Age#28, Vict Sex#29, Vict Descent#30, Premis Cd#31, Premis Desc#32, Weapon Used Cd#33, Weapon Desc#34, Status#35, Status Desc#36, Crm Cd 1#37, Crm Cd 2#38, Crm Cd 3#39, Crm Cd 4#40, ... 4 more fields]
:              +- Filter (NOT (LAT#43 = cast(0 as double)) AND NOT (LON#44 = cast(0 as double)))
:                 +- Relation [DR_NO#17,Date Rptd#18,DATE OCC#19,TIME OCC#20,AREA#21,AREA NAME#22,Rpt Dist No#23,Part 1-2#24,Crm Cd#25,Crm Cd Desc#26,Mocodes#27,Vict Age#28,Vict Sex#29,Vict Descent#30,Premis Cd#31,Premis Desc#32,Weapon Used Cd#33,Weapon Desc#34,Status#35,Status Desc#36,Crm Cd 1#37,Crm Cd 2#38,Crm Cd 3#39,Crm Cd 4#40,... 4 more fields] csv
+- ResolvedHint (strategy=broadcast)
   +- Project [DIVISION#210, X#207, Y#208]
      +- Relation [X#207,Y#208,FID#209,DIVISION#210,LOCATION#211,PREC#212] csv

== Analyzed Logical Plan ==
DIVISION: string, DR_NO: int, Date Rptd: string, DATE OCC: timestamp, TIME OCC: int, AREA: int, Rpt Dist No: int, Part 1-2: int, Crm Cd: int, Crm Cd Desc: string, Mocodes: string, Vict Age: int, Vict Sex: string, Vict Descent: string, Premis Cd: int, Premis Desc: string, Weapon Used Cd: int, Weapon Desc: string, Status: string, Status Desc: string, Crm Cd 1: int, Crm Cd 2: int, Crm Cd 3: int, Crm Cd 4: int, ... 6 more fields
Project [DIVISION#161, DR_NO#17, Date Rptd#18, DATE OCC#74, TIME OCC#20, AREA#21, Rpt Dist No#23, Part 1-2#24, Crm Cd#25, Crm Cd Desc#26, Mocodes#27, Vict Age#28, Vict Sex#29, Vict Descent#30, Premis Cd#31, Premis Desc#32, Weapon Used Cd#33, Weapon Desc#34, Status#35, Status Desc#36, Crm Cd 1#37, Crm Cd 2#38, Crm Cd 3#39, Crm Cd 4#40, ... 6 more fields]
+- Join LeftOuter, (DIVISION#161 = DIVISION#210)
   :- Project [DR_NO#17, Date Rptd#18, DATE OCC#74, TIME OCC#20, AREA#21, upper(DIVISION#132) AS DIVISION#161, Rpt Dist No#23, Part 1-2#24, Crm Cd#25, Crm Cd Desc#26, Mocodes#27, Vict Age#28, Vict Sex#29, Vict Descent#30, Premis Cd#31, Premis Desc#32, Weapon Used Cd#33, Weapon Desc#34, Status#35, Status Desc#36, Crm Cd 1#37, Crm Cd 2#38, Crm Cd 3#39, Crm Cd 4#40, ... 4 more fields]
   :  +- Project [DR_NO#17, Date Rptd#18, DATE OCC#74, TIME OCC#20, AREA#21, CASE WHEN (DIVISION#103 = N Hollywood) THEN NORTH HOLLYWOOD WHEN (DIVISION#103 = West LA) THEN WEST LOS ANGELES ELSE DIVISION#103 END AS DIVISION#132, Rpt Dist No#23, Part 1-2#24, Crm Cd#25, Crm Cd Desc#26, Mocodes#27, Vict Age#28, Vict Sex#29, Vict Descent#30, Premis Cd#31, Premis Desc#32, Weapon Used Cd#33, Weapon Desc#34, Status#35, Status Desc#36, Crm Cd 1#37, Crm Cd 2#38, Crm Cd 3#39, Crm Cd 4#40, ... 4 more fields]
   :     +- Project [DR_NO#17, Date Rptd#18, DATE OCC#74, TIME OCC#20, AREA#21, AREA NAME#22 AS DIVISION#103, Rpt Dist No#23, Part 1-2#24, Crm Cd#25, Crm Cd Desc#26, Mocodes#27, Vict Age#28, Vict Sex#29, Vict Descent#30, Premis Cd#31, Premis Desc#32, Weapon Used Cd#33, Weapon Desc#34, Status#35, Status Desc#36, Crm Cd 1#37, Crm Cd 2#38, Crm Cd 3#39, Crm Cd 4#40, ... 4 more fields]
   :        +- Filter StartsWith(cast(Weapon Used Cd#33 as string), 1)
   :           +- Project [DR_NO#17, Date Rptd#18, to_timestamp(DATE OCC#19, Some(MM/dd/yyyy hh:mm:ss a), TimestampType, Some(Europe/Athens), false) AS DATE OCC#74, TIME OCC#20, AREA#21, AREA NAME#22, Rpt Dist No#23, Part 1-2#24, Crm Cd#25, Crm Cd Desc#26, Mocodes#27, Vict Age#28, Vict Sex#29, Vict Descent#30, Premis Cd#31, Premis Desc#32, Weapon Used Cd#33, Weapon Desc#34, Status#35, Status Desc#36, Crm Cd 1#37, Crm Cd 2#38, Crm Cd 3#39, Crm Cd 4#40, ... 4 more fields]
   :              +- Filter (NOT (LAT#43 = cast(0 as double)) AND NOT (LON#44 = cast(0 as double)))
   :                 +- Relation [DR_NO#17,Date Rptd#18,DATE OCC#19,TIME OCC#20,AREA#21,AREA NAME#22,Rpt Dist No#23,Part 1-2#24,Crm Cd#25,Crm Cd Desc#26,Mocodes#27,Vict Age#28,Vict Sex#29,Vict Descent#30,Premis Cd#31,Premis Desc#32,Weapon Used Cd#33,Weapon Desc#34,Status#35,Status Desc#36,Crm Cd 1#37,Crm Cd 2#38,Crm Cd 3#39,Crm Cd 4#40,... 4 more fields] csv
   +- ResolvedHint (strategy=broadcast)
      +- Project [DIVISION#210, X#207, Y#208]
         +- Relation [X#207,Y#208,FID#209,DIVISION#210,LOCATION#211,PREC#212] csv

== Optimized Logical Plan ==
Project [DIVISION#161, DR_NO#17, Date Rptd#18, DATE OCC#74, TIME OCC#20, AREA#21, Rpt Dist No#23, Part 1-2#24, Crm Cd#25, Crm Cd Desc#26, Mocodes#27, Vict Age#28, Vict Sex#29, Vict Descent#30, Premis Cd#31, Premis Desc#32, Weapon Used Cd#33, Weapon Desc#34, Status#35, Status Desc#36, Crm Cd 1#37, Crm Cd 2#38, Crm Cd 3#39, Crm Cd 4#40, ... 6 more fields]
+- Join LeftOuter, (DIVISION#161 = DIVISION#210), rightHint=(strategy=broadcast)
   :- Project [DR_NO#17, Date Rptd#18, gettimestamp(DATE OCC#19, MM/dd/yyyy hh:mm:ss a, TimestampType, Some(Europe/Athens), false) AS DATE OCC#74, TIME OCC#20, AREA#21, CASE WHEN (AREA NAME#22 = N Hollywood) THEN NORTH HOLLYWOOD WHEN (AREA NAME#22 = West LA) THEN WEST LOS ANGELES ELSE upper(AREA NAME#22) END AS DIVISION#161, Rpt Dist No#23, Part 1-2#24, Crm Cd#25, Crm Cd Desc#26, Mocodes#27, Vict Age#28, Vict Sex#29, Vict Descent#30, Premis Cd#31, Premis Desc#32, Weapon Used Cd#33, Weapon Desc#34, Status#35, Status Desc#36, Crm Cd 1#37, Crm Cd 2#38, Crm Cd 3#39, Crm Cd 4#40, ... 4 more fields]
   :  +- Filter (((isnotnull(LAT#43) AND isnotnull(LON#44)) AND isnotnull(Weapon Used Cd#33)) AND ((NOT (LAT#43 = 0.0) AND NOT (LON#44 = 0.0)) AND StartsWith(cast(Weapon Used Cd#33 as string), 1)))
   :     +- Relation [DR_NO#17,Date Rptd#18,DATE OCC#19,TIME OCC#20,AREA#21,AREA NAME#22,Rpt Dist No#23,Part 1-2#24,Crm Cd#25,Crm Cd Desc#26,Mocodes#27,Vict Age#28,Vict Sex#29,Vict Descent#30,Premis Cd#31,Premis Desc#32,Weapon Used Cd#33,Weapon Desc#34,Status#35,Status Desc#36,Crm Cd 1#37,Crm Cd 2#38,Crm Cd 3#39,Crm Cd 4#40,... 4 more fields] csv
   +- Project [DIVISION#210, X#207, Y#208]
      +- Filter isnotnull(DIVISION#210)
         +- Relation [X#207,Y#208,FID#209,DIVISION#210,LOCATION#211,PREC#212] csv

== Physical Plan ==
AdaptiveSparkPlan isFinalPlan=false
+- Project [DIVISION#161, DR_NO#17, Date Rptd#18, DATE OCC#74, TIME OCC#20, AREA#21, Rpt Dist No#23, Part 1-2#24, Crm Cd#25, Crm Cd Desc#26, Mocodes#27, Vict Age#28, Vict Sex#29, Vict Descent#30, Premis Cd#31, Premis Desc#32, Weapon Used Cd#33, Weapon Desc#34, Status#35, Status Desc#36, Crm Cd 1#37, Crm Cd 2#38, Crm Cd 3#39, Crm Cd 4#40, ... 6 more fields]
   +- BroadcastHashJoin [DIVISION#161], [DIVISION#210], LeftOuter, BuildRight, false
      :- Project [DR_NO#17, Date Rptd#18, gettimestamp(DATE OCC#19, MM/dd/yyyy hh:mm:ss a, TimestampType, Some(Europe/Athens), false) AS DATE OCC#74, TIME OCC#20, AREA#21, CASE WHEN (AREA NAME#22 = N Hollywood) THEN NORTH HOLLYWOOD WHEN (AREA NAME#22 = West LA) THEN WEST LOS ANGELES ELSE upper(AREA NAME#22) END AS DIVISION#161, Rpt Dist No#23, Part 1-2#24, Crm Cd#25, Crm Cd Desc#26, Mocodes#27, Vict Age#28, Vict Sex#29, Vict Descent#30, Premis Cd#31, Premis Desc#32, Weapon Used Cd#33, Weapon Desc#34, Status#35, Status Desc#36, Crm Cd 1#37, Crm Cd 2#38, Crm Cd 3#39, Crm Cd 4#40, ... 4 more fields]
      :  +- Filter (((((isnotnull(LAT#43) AND isnotnull(LON#44)) AND isnotnull(Weapon Used Cd#33)) AND NOT (LAT#43 = 0.0)) AND NOT (LON#44 = 0.0)) AND StartsWith(cast(Weapon Used Cd#33 as string), 1))
      :     +- FileScan csv [DR_NO#17,Date Rptd#18,DATE OCC#19,TIME OCC#20,AREA#21,AREA NAME#22,Rpt Dist No#23,Part 1-2#24,Crm Cd#25,Crm Cd Desc#26,Mocodes#27,Vict Age#28,Vict Sex#29,Vict Descent#30,Premis Cd#31,Premis Desc#32,Weapon Used Cd#33,Weapon Desc#34,Status#35,Status Desc#36,Crm Cd 1#37,Crm Cd 2#38,Crm Cd 3#39,Crm Cd 4#40,... 4 more fields] Batched: false, DataFilters: [isnotnull(LAT#43), isnotnull(LON#44), isnotnull(Weapon Used Cd#33), NOT (LAT#43 = 0.0), NOT (LON..., Format: CSV, Location: InMemoryFileIndex(1 paths)[hdfs://okeanos-master:54310/project_data/Crime_Data_from_2010_to_Prese..., PartitionFilters: [], PushedFilters: [IsNotNull(LAT), IsNotNull(LON), IsNotNull(Weapon Used Cd), Not(EqualTo(LAT,0.0)), Not(EqualTo(LO..., ReadSchema: struct<DR_NO:int,Date Rptd:string,DATE OCC:string,TIME OCC:int,AREA:int,AREA NAME:string,Rpt Dist...
      +- BroadcastExchange HashedRelationBroadcastMode(List(input[2, string, false]),false), [plan_id=64]
         +- Filter isnotnull(DIVISION#210)
            +- FileScan csv [X#207,Y#208,DIVISION#210] Batched: false, DataFilters: [isnotnull(DIVISION#210)], Format: CSV, Location: InMemoryFileIndex(1 paths)[hdfs://okeanos-master:54310/project_data/LAPD_Police_Stations.csv], PartitionFilters: [], PushedFilters: [IsNotNull(DIVISION)], ReadSchema: struct<X:double,Y:double,DIVISION:string>

+---------+---------+----------------------+-------------------+--------+----+-----------+--------+------+------------------------+--------------+--------+--------+----------------------+---------+-----------+--------------+-------------+------+-----------+--------+--------+--------+--------+-------------------------------+-------------------------------+-------+---------+--------------+------------+------------------+
|DIVISION |DR_NO    |Date Rptd             |DATE OCC           |TIME OCC|AREA|Rpt Dist No|Part 1-2|Crm Cd|Crm Cd Desc             |Mocodes       |Vict Age|Vict Sex|Vict Descent          |Premis Cd|Premis Desc|Weapon Used Cd|Weapon Desc  |Status|Status Desc|Crm Cd 1|Crm Cd 2|Crm Cd 3|Crm Cd 4|LOCATION                       |Cross Street                   |LAT    |LON      |X             |Y           |distance          |
+---------+---------+----------------------+-------------------+--------+----+-----------+--------+------+------------------------+--------------+--------+--------+----------------------+---------+-----------+--------------+-------------+------+-----------+--------+--------+--------+--------+-------------------------------+-------------------------------+-------+---------+--------------+------------+------------------+
|HOLLYWOOD|90631215 |01/05/2010 12:00:00 AM|2010-01-05 00:00:00|150     |6   |646        |2       |900   |VIOLATION OF COURT ORDER|1100 0400 1402|47      |F       |White                 |101      |STREET     |102           |HAND GUN     |IC    |Invest Cont|900     |998     |NULL    |NULL    |CAHUENGA                     BL|HOLLYWOOD                    BL|34.1016|-118.3295|-118.33066931 |34.095833225|0.6487113844939789|
|CENTRAL  |100114820|08/01/2010 12:00:00 AM|2010-08-01 00:00:00|250     |1   |192        |1       |210   |ROBBERY                 |0344 0355 0400|33      |M       |Hispanic/Latin/Mexican|101      |STREET     |113           |SIMULATED GUN|IC    |Invest Cont|210     |NULL    |NULL    |NULL    |GRAND                          |PICO                           |34.0384|-118.2646|-118.247294123|34.0440195  |1.7152943154891613|
+---------+---------+----------------------+-------------------+--------+----+-----------+--------+------+------------------------+--------------+--------+--------+----------------------+---------+-----------+--------------+-------------+------+-----------+--------+--------+--------+--------+-------------------------------+-------------------------------+-------+---------+--------------+------------+------------------+
only showing top 2 rows

Rows with big distances:
== Parsed Logical Plan ==
'Join UsingJoin(LeftOuter, [DR_NO])
:- Project [DR_NO#17, Date Rptd#18, DATE OCC#74, TIME OCC#20, AREA#21, upper(DIVISION#132) AS DIVISION#161, Rpt Dist No#23, Part 1-2#24, Crm Cd#25, Crm Cd Desc#26, Mocodes#27, Vict Age#28, Vict Sex#29, Vict Descent#30, Premis Cd#31, Premis Desc#32, Weapon Used Cd#33, Weapon Desc#34, Status#35, Status Desc#36, Crm Cd 1#37, Crm Cd 2#38, Crm Cd 3#39, Crm Cd 4#40, ... 4 more fields]
:  +- Project [DR_NO#17, Date Rptd#18, DATE OCC#74, TIME OCC#20, AREA#21, CASE WHEN (DIVISION#103 = N Hollywood) THEN NORTH HOLLYWOOD WHEN (DIVISION#103 = West LA) THEN WEST LOS ANGELES ELSE DIVISION#103 END AS DIVISION#132, Rpt Dist No#23, Part 1-2#24, Crm Cd#25, Crm Cd Desc#26, Mocodes#27, Vict Age#28, Vict Sex#29, Vict Descent#30, Premis Cd#31, Premis Desc#32, Weapon Used Cd#33, Weapon Desc#34, Status#35, Status Desc#36, Crm Cd 1#37, Crm Cd 2#38, Crm Cd 3#39, Crm Cd 4#40, ... 4 more fields]
:     +- Project [DR_NO#17, Date Rptd#18, DATE OCC#74, TIME OCC#20, AREA#21, AREA NAME#22 AS DIVISION#103, Rpt Dist No#23, Part 1-2#24, Crm Cd#25, Crm Cd Desc#26, Mocodes#27, Vict Age#28, Vict Sex#29, Vict Descent#30, Premis Cd#31, Premis Desc#32, Weapon Used Cd#33, Weapon Desc#34, Status#35, Status Desc#36, Crm Cd 1#37, Crm Cd 2#38, Crm Cd 3#39, Crm Cd 4#40, ... 4 more fields]
:        +- Filter StartsWith(cast(Weapon Used Cd#33 as string), 1)
:           +- Project [DR_NO#17, Date Rptd#18, to_timestamp(DATE OCC#19, Some(MM/dd/yyyy hh:mm:ss a), TimestampType, Some(Europe/Athens), false) AS DATE OCC#74, TIME OCC#20, AREA#21, AREA NAME#22, Rpt Dist No#23, Part 1-2#24, Crm Cd#25, Crm Cd Desc#26, Mocodes#27, Vict Age#28, Vict Sex#29, Vict Descent#30, Premis Cd#31, Premis Desc#32, Weapon Used Cd#33, Weapon Desc#34, Status#35, Status Desc#36, Crm Cd 1#37, Crm Cd 2#38, Crm Cd 3#39, Crm Cd 4#40, ... 4 more fields]
:              +- Filter (NOT (LAT#43 = cast(0 as double)) AND NOT (LON#44 = cast(0 as double)))
:                 +- Relation [DR_NO#17,Date Rptd#18,DATE OCC#19,TIME OCC#20,AREA#21,AREA NAME#22,Rpt Dist No#23,Part 1-2#24,Crm Cd#25,Crm Cd Desc#26,Mocodes#27,Vict Age#28,Vict Sex#29,Vict Descent#30,Premis Cd#31,Premis Desc#32,Weapon Used Cd#33,Weapon Desc#34,Status#35,Status Desc#36,Crm Cd 1#37,Crm Cd 2#38,Crm Cd 3#39,Crm Cd 4#40,... 4 more fields] csv
+- ResolvedHint (strategy=broadcast)
   +- Aggregate [DR_NO#481], [DR_NO#481, min(distance#254) AS min_distance#475, first(DIVISION#161, false) AS nearest_place#477]
      +- Project [DIVISION#161, DR_NO#481, Date Rptd#482, DATE OCC#74, TIME OCC#484, AREA#485, Rpt Dist No#487, Part 1-2#488, Crm Cd#489, Crm Cd Desc#490, Mocodes#491, Vict Age#492, Vict Sex#493, Vict Descent#494, Premis Cd#495, Premis Desc#496, Weapon Used Cd#497, Weapon Desc#498, Status#499, Status Desc#500, Crm Cd 1#501, Crm Cd 2#502, Crm Cd 3#503, Crm Cd 4#504, ... 7 more fields]
         +- Project [DIVISION#161, DR_NO#481, Date Rptd#482, DATE OCC#74, TIME OCC#484, AREA#485, Rpt Dist No#487, Part 1-2#488, Crm Cd#489, Crm Cd Desc#490, Mocodes#491, Vict Age#492, Vict Sex#493, Vict Descent#494, Premis Cd#495, Premis Desc#496, Weapon Used Cd#497, Weapon Desc#498, Status#499, Status Desc#500, Crm Cd 1#501, Crm Cd 2#502, Crm Cd 3#503, Crm Cd 4#504, ... 6 more fields]
            +- Join LeftOuter, (DIVISION#161 = DIVISION#210)
               :- Project [DR_NO#481, Date Rptd#482, DATE OCC#74, TIME OCC#484, AREA#485, upper(DIVISION#132) AS DIVISION#161, Rpt Dist No#487, Part 1-2#488, Crm Cd#489, Crm Cd Desc#490, Mocodes#491, Vict Age#492, Vict Sex#493, Vict Descent#494, Premis Cd#495, Premis Desc#496, Weapon Used Cd#497, Weapon Desc#498, Status#499, Status Desc#500, Crm Cd 1#501, Crm Cd 2#502, Crm Cd 3#503, Crm Cd 4#504, ... 4 more fields]
               :  +- Project [DR_NO#481, Date Rptd#482, DATE OCC#74, TIME OCC#484, AREA#485, CASE WHEN (DIVISION#103 = N Hollywood) THEN NORTH HOLLYWOOD WHEN (DIVISION#103 = West LA) THEN WEST LOS ANGELES ELSE DIVISION#103 END AS DIVISION#132, Rpt Dist No#487, Part 1-2#488, Crm Cd#489, Crm Cd Desc#490, Mocodes#491, Vict Age#492, Vict Sex#493, Vict Descent#494, Premis Cd#495, Premis Desc#496, Weapon Used Cd#497, Weapon Desc#498, Status#499, Status Desc#500, Crm Cd 1#501, Crm Cd 2#502, Crm Cd 3#503, Crm Cd 4#504, ... 4 more fields]
               :     +- Project [DR_NO#481, Date Rptd#482, DATE OCC#74, TIME OCC#484, AREA#485, AREA NAME#486 AS DIVISION#103, Rpt Dist No#487, Part 1-2#488, Crm Cd#489, Crm Cd Desc#490, Mocodes#491, Vict Age#492, Vict Sex#493, Vict Descent#494, Premis Cd#495, Premis Desc#496, Weapon Used Cd#497, Weapon Desc#498, Status#499, Status Desc#500, Crm Cd 1#501, Crm Cd 2#502, Crm Cd 3#503, Crm Cd 4#504, ... 4 more fields]
               :        +- Filter StartsWith(cast(Weapon Used Cd#497 as string), 1)
               :           +- Project [DR_NO#481, Date Rptd#482, to_timestamp(DATE OCC#483, Some(MM/dd/yyyy hh:mm:ss a), TimestampType, Some(Europe/Athens), false) AS DATE OCC#74, TIME OCC#484, AREA#485, AREA NAME#486, Rpt Dist No#487, Part 1-2#488, Crm Cd#489, Crm Cd Desc#490, Mocodes#491, Vict Age#492, Vict Sex#493, Vict Descent#494, Premis Cd#495, Premis Desc#496, Weapon Used Cd#497, Weapon Desc#498, Status#499, Status Desc#500, Crm Cd 1#501, Crm Cd 2#502, Crm Cd 3#503, Crm Cd 4#504, ... 4 more fields]
               :              +- Filter (NOT (LAT#507 = cast(0 as double)) AND NOT (LON#508 = cast(0 as double)))
               :                 +- Relation [DR_NO#481,Date Rptd#482,DATE OCC#483,TIME OCC#484,AREA#485,AREA NAME#486,Rpt Dist No#487,Part 1-2#488,Crm Cd#489,Crm Cd Desc#490,Mocodes#491,Vict Age#492,Vict Sex#493,Vict Descent#494,Premis Cd#495,Premis Desc#496,Weapon Used Cd#497,Weapon Desc#498,Status#499,Status Desc#500,Crm Cd 1#501,Crm Cd 2#502,Crm Cd 3#503,Crm Cd 4#504,... 4 more fields] csv
               +- ResolvedHint (strategy=broadcast)
                  +- Project [DIVISION#210, X#207, Y#208]
                     +- Relation [X#207,Y#208,FID#209,DIVISION#210,LOCATION#211,PREC#212] csv

== Analyzed Logical Plan ==
DR_NO: int, Date Rptd: string, DATE OCC: timestamp, TIME OCC: int, AREA: int, DIVISION: string, Rpt Dist No: int, Part 1-2: int, Crm Cd: int, Crm Cd Desc: string, Mocodes: string, Vict Age: int, Vict Sex: string, Vict Descent: string, Premis Cd: int, Premis Desc: string, Weapon Used Cd: int, Weapon Desc: string, Status: string, Status Desc: string, Crm Cd 1: int, Crm Cd 2: int, Crm Cd 3: int, Crm Cd 4: int, ... 6 more fields
Project [DR_NO#17, Date Rptd#18, DATE OCC#74, TIME OCC#20, AREA#21, DIVISION#161, Rpt Dist No#23, Part 1-2#24, Crm Cd#25, Crm Cd Desc#26, Mocodes#27, Vict Age#28, Vict Sex#29, Vict Descent#30, Premis Cd#31, Premis Desc#32, Weapon Used Cd#33, Weapon Desc#34, Status#35, Status Desc#36, Crm Cd 1#37, Crm Cd 2#38, Crm Cd 3#39, Crm Cd 4#40, ... 6 more fields]
+- Join LeftOuter, (DR_NO#17 = DR_NO#481)
   :- Project [DR_NO#17, Date Rptd#18, DATE OCC#74, TIME OCC#20, AREA#21, upper(DIVISION#132) AS DIVISION#161, Rpt Dist No#23, Part 1-2#24, Crm Cd#25, Crm Cd Desc#26, Mocodes#27, Vict Age#28, Vict Sex#29, Vict Descent#30, Premis Cd#31, Premis Desc#32, Weapon Used Cd#33, Weapon Desc#34, Status#35, Status Desc#36, Crm Cd 1#37, Crm Cd 2#38, Crm Cd 3#39, Crm Cd 4#40, ... 4 more fields]
   :  +- Project [DR_NO#17, Date Rptd#18, DATE OCC#74, TIME OCC#20, AREA#21, CASE WHEN (DIVISION#103 = N Hollywood) THEN NORTH HOLLYWOOD WHEN (DIVISION#103 = West LA) THEN WEST LOS ANGELES ELSE DIVISION#103 END AS DIVISION#132, Rpt Dist No#23, Part 1-2#24, Crm Cd#25, Crm Cd Desc#26, Mocodes#27, Vict Age#28, Vict Sex#29, Vict Descent#30, Premis Cd#31, Premis Desc#32, Weapon Used Cd#33, Weapon Desc#34, Status#35, Status Desc#36, Crm Cd 1#37, Crm Cd 2#38, Crm Cd 3#39, Crm Cd 4#40, ... 4 more fields]
   :     +- Project [DR_NO#17, Date Rptd#18, DATE OCC#74, TIME OCC#20, AREA#21, AREA NAME#22 AS DIVISION#103, Rpt Dist No#23, Part 1-2#24, Crm Cd#25, Crm Cd Desc#26, Mocodes#27, Vict Age#28, Vict Sex#29, Vict Descent#30, Premis Cd#31, Premis Desc#32, Weapon Used Cd#33, Weapon Desc#34, Status#35, Status Desc#36, Crm Cd 1#37, Crm Cd 2#38, Crm Cd 3#39, Crm Cd 4#40, ... 4 more fields]
   :        +- Filter StartsWith(cast(Weapon Used Cd#33 as string), 1)
   :           +- Project [DR_NO#17, Date Rptd#18, to_timestamp(DATE OCC#19, Some(MM/dd/yyyy hh:mm:ss a), TimestampType, Some(Europe/Athens), false) AS DATE OCC#74, TIME OCC#20, AREA#21, AREA NAME#22, Rpt Dist No#23, Part 1-2#24, Crm Cd#25, Crm Cd Desc#26, Mocodes#27, Vict Age#28, Vict Sex#29, Vict Descent#30, Premis Cd#31, Premis Desc#32, Weapon Used Cd#33, Weapon Desc#34, Status#35, Status Desc#36, Crm Cd 1#37, Crm Cd 2#38, Crm Cd 3#39, Crm Cd 4#40, ... 4 more fields]
   :              +- Filter (NOT (LAT#43 = cast(0 as double)) AND NOT (LON#44 = cast(0 as double)))
   :                 +- Relation [DR_NO#17,Date Rptd#18,DATE OCC#19,TIME OCC#20,AREA#21,AREA NAME#22,Rpt Dist No#23,Part 1-2#24,Crm Cd#25,Crm Cd Desc#26,Mocodes#27,Vict Age#28,Vict Sex#29,Vict Descent#30,Premis Cd#31,Premis Desc#32,Weapon Used Cd#33,Weapon Desc#34,Status#35,Status Desc#36,Crm Cd 1#37,Crm Cd 2#38,Crm Cd 3#39,Crm Cd 4#40,... 4 more fields] csv
   +- ResolvedHint (strategy=broadcast)
      +- Aggregate [DR_NO#481], [DR_NO#481, min(distance#254) AS min_distance#475, first(DIVISION#161, false) AS nearest_place#477]
         +- Project [DIVISION#161, DR_NO#481, Date Rptd#482, DATE OCC#74, TIME OCC#484, AREA#485, Rpt Dist No#487, Part 1-2#488, Crm Cd#489, Crm Cd Desc#490, Mocodes#491, Vict Age#492, Vict Sex#493, Vict Descent#494, Premis Cd#495, Premis Desc#496, Weapon Used Cd#497, Weapon Desc#498, Status#499, Status Desc#500, Crm Cd 1#501, Crm Cd 2#502, Crm Cd 3#503, Crm Cd 4#504, ... 7 more fields]
            +- Project [DIVISION#161, DR_NO#481, Date Rptd#482, DATE OCC#74, TIME OCC#484, AREA#485, Rpt Dist No#487, Part 1-2#488, Crm Cd#489, Crm Cd Desc#490, Mocodes#491, Vict Age#492, Vict Sex#493, Vict Descent#494, Premis Cd#495, Premis Desc#496, Weapon Used Cd#497, Weapon Desc#498, Status#499, Status Desc#500, Crm Cd 1#501, Crm Cd 2#502, Crm Cd 3#503, Crm Cd 4#504, ... 6 more fields]
               +- Join LeftOuter, (DIVISION#161 = DIVISION#210)
                  :- Project [DR_NO#481, Date Rptd#482, DATE OCC#74, TIME OCC#484, AREA#485, upper(DIVISION#132) AS DIVISION#161, Rpt Dist No#487, Part 1-2#488, Crm Cd#489, Crm Cd Desc#490, Mocodes#491, Vict Age#492, Vict Sex#493, Vict Descent#494, Premis Cd#495, Premis Desc#496, Weapon Used Cd#497, Weapon Desc#498, Status#499, Status Desc#500, Crm Cd 1#501, Crm Cd 2#502, Crm Cd 3#503, Crm Cd 4#504, ... 4 more fields]
                  :  +- Project [DR_NO#481, Date Rptd#482, DATE OCC#74, TIME OCC#484, AREA#485, CASE WHEN (DIVISION#103 = N Hollywood) THEN NORTH HOLLYWOOD WHEN (DIVISION#103 = West LA) THEN WEST LOS ANGELES ELSE DIVISION#103 END AS DIVISION#132, Rpt Dist No#487, Part 1-2#488, Crm Cd#489, Crm Cd Desc#490, Mocodes#491, Vict Age#492, Vict Sex#493, Vict Descent#494, Premis Cd#495, Premis Desc#496, Weapon Used Cd#497, Weapon Desc#498, Status#499, Status Desc#500, Crm Cd 1#501, Crm Cd 2#502, Crm Cd 3#503, Crm Cd 4#504, ... 4 more fields]
                  :     +- Project [DR_NO#481, Date Rptd#482, DATE OCC#74, TIME OCC#484, AREA#485, AREA NAME#486 AS DIVISION#103, Rpt Dist No#487, Part 1-2#488, Crm Cd#489, Crm Cd Desc#490, Mocodes#491, Vict Age#492, Vict Sex#493, Vict Descent#494, Premis Cd#495, Premis Desc#496, Weapon Used Cd#497, Weapon Desc#498, Status#499, Status Desc#500, Crm Cd 1#501, Crm Cd 2#502, Crm Cd 3#503, Crm Cd 4#504, ... 4 more fields]
                  :        +- Filter StartsWith(cast(Weapon Used Cd#497 as string), 1)
                  :           +- Project [DR_NO#481, Date Rptd#482, to_timestamp(DATE OCC#483, Some(MM/dd/yyyy hh:mm:ss a), TimestampType, Some(Europe/Athens), false) AS DATE OCC#74, TIME OCC#484, AREA#485, AREA NAME#486, Rpt Dist No#487, Part 1-2#488, Crm Cd#489, Crm Cd Desc#490, Mocodes#491, Vict Age#492, Vict Sex#493, Vict Descent#494, Premis Cd#495, Premis Desc#496, Weapon Used Cd#497, Weapon Desc#498, Status#499, Status Desc#500, Crm Cd 1#501, Crm Cd 2#502, Crm Cd 3#503, Crm Cd 4#504, ... 4 more fields]
                  :              +- Filter (NOT (LAT#507 = cast(0 as double)) AND NOT (LON#508 = cast(0 as double)))
                  :                 +- Relation [DR_NO#481,Date Rptd#482,DATE OCC#483,TIME OCC#484,AREA#485,AREA NAME#486,Rpt Dist No#487,Part 1-2#488,Crm Cd#489,Crm Cd Desc#490,Mocodes#491,Vict Age#492,Vict Sex#493,Vict Descent#494,Premis Cd#495,Premis Desc#496,Weapon Used Cd#497,Weapon Desc#498,Status#499,Status Desc#500,Crm Cd 1#501,Crm Cd 2#502,Crm Cd 3#503,Crm Cd 4#504,... 4 more fields] csv
                  +- ResolvedHint (strategy=broadcast)
                     +- Project [DIVISION#210, X#207, Y#208]
                        +- Relation [X#207,Y#208,FID#209,DIVISION#210,LOCATION#211,PREC#212] csv

== Optimized Logical Plan ==
Project [DR_NO#17, Date Rptd#18, DATE OCC#74, TIME OCC#20, AREA#21, DIVISION#161, Rpt Dist No#23, Part 1-2#24, Crm Cd#25, Crm Cd Desc#26, Mocodes#27, Vict Age#28, Vict Sex#29, Vict Descent#30, Premis Cd#31, Premis Desc#32, Weapon Used Cd#33, Weapon Desc#34, Status#35, Status Desc#36, Crm Cd 1#37, Crm Cd 2#38, Crm Cd 3#39, Crm Cd 4#40, ... 6 more fields]
+- Join LeftOuter, (DR_NO#17 = DR_NO#481), rightHint=(strategy=broadcast)
   :- Project [DR_NO#17, Date Rptd#18, gettimestamp(DATE OCC#19, MM/dd/yyyy hh:mm:ss a, TimestampType, Some(Europe/Athens), false) AS DATE OCC#74, TIME OCC#20, AREA#21, CASE WHEN (AREA NAME#22 = N Hollywood) THEN NORTH HOLLYWOOD WHEN (AREA NAME#22 = West LA) THEN WEST LOS ANGELES ELSE upper(AREA NAME#22) END AS DIVISION#161, Rpt Dist No#23, Part 1-2#24, Crm Cd#25, Crm Cd Desc#26, Mocodes#27, Vict Age#28, Vict Sex#29, Vict Descent#30, Premis Cd#31, Premis Desc#32, Weapon Used Cd#33, Weapon Desc#34, Status#35, Status Desc#36, Crm Cd 1#37, Crm Cd 2#38, Crm Cd 3#39, Crm Cd 4#40, ... 4 more fields]
   :  +- Filter (((isnotnull(LAT#43) AND isnotnull(LON#44)) AND isnotnull(Weapon Used Cd#33)) AND ((NOT (LAT#43 = 0.0) AND NOT (LON#44 = 0.0)) AND StartsWith(cast(Weapon Used Cd#33 as string), 1)))
   :     +- Relation [DR_NO#17,Date Rptd#18,DATE OCC#19,TIME OCC#20,AREA#21,AREA NAME#22,Rpt Dist No#23,Part 1-2#24,Crm Cd#25,Crm Cd Desc#26,Mocodes#27,Vict Age#28,Vict Sex#29,Vict Descent#30,Premis Cd#31,Premis Desc#32,Weapon Used Cd#33,Weapon Desc#34,Status#35,Status Desc#36,Crm Cd 1#37,Crm Cd 2#38,Crm Cd 3#39,Crm Cd 4#40,... 4 more fields] csv
   +- Aggregate [DR_NO#481], [DR_NO#481, min(distance#254) AS min_distance#475, first(DIVISION#161, false) AS nearest_place#477]
      +- Project [DIVISION#161, DR_NO#481, pythonUDF0#540 AS distance#254]
         +- BatchEvalPython [get_distance(LAT#507, LON#508, Y#208, X#207)#253], [pythonUDF0#540]
            +- Project [DR_NO#481, DIVISION#161, LAT#507, LON#508, X#207, Y#208]
               +- Join LeftOuter, (DIVISION#161 = DIVISION#210), rightHint=(strategy=broadcast)
                  :- Project [DR_NO#481, CASE WHEN (AREA NAME#486 = N Hollywood) THEN NORTH HOLLYWOOD WHEN (AREA NAME#486 = West LA) THEN WEST LOS ANGELES ELSE upper(AREA NAME#486) END AS DIVISION#161, LAT#507, LON#508]
                  :  +- Filter ((((isnotnull(LAT#507) AND isnotnull(LON#508)) AND isnotnull(Weapon Used Cd#497)) AND ((NOT (LAT#507 = 0.0) AND NOT (LON#508 = 0.0)) AND StartsWith(cast(Weapon Used Cd#497 as string), 1))) AND isnotnull(DR_NO#481))
                  :     +- Relation [DR_NO#481,Date Rptd#482,DATE OCC#483,TIME OCC#484,AREA#485,AREA NAME#486,Rpt Dist No#487,Part 1-2#488,Crm Cd#489,Crm Cd Desc#490,Mocodes#491,Vict Age#492,Vict Sex#493,Vict Descent#494,Premis Cd#495,Premis Desc#496,Weapon Used Cd#497,Weapon Desc#498,Status#499,Status Desc#500,Crm Cd 1#501,Crm Cd 2#502,Crm Cd 3#503,Crm Cd 4#504,... 4 more fields] csv
                  +- Project [DIVISION#210, X#207, Y#208]
                     +- Filter isnotnull(DIVISION#210)
                        +- Relation [X#207,Y#208,FID#209,DIVISION#210,LOCATION#211,PREC#212] csv

== Physical Plan ==
AdaptiveSparkPlan isFinalPlan=false
+- Project [DR_NO#17, Date Rptd#18, DATE OCC#74, TIME OCC#20, AREA#21, DIVISION#161, Rpt Dist No#23, Part 1-2#24, Crm Cd#25, Crm Cd Desc#26, Mocodes#27, Vict Age#28, Vict Sex#29, Vict Descent#30, Premis Cd#31, Premis Desc#32, Weapon Used Cd#33, Weapon Desc#34, Status#35, Status Desc#36, Crm Cd 1#37, Crm Cd 2#38, Crm Cd 3#39, Crm Cd 4#40, ... 6 more fields]
   +- BroadcastHashJoin [DR_NO#17], [DR_NO#481], LeftOuter, BuildRight, false
      :- Project [DR_NO#17, Date Rptd#18, gettimestamp(DATE OCC#19, MM/dd/yyyy hh:mm:ss a, TimestampType, Some(Europe/Athens), false) AS DATE OCC#74, TIME OCC#20, AREA#21, CASE WHEN (AREA NAME#22 = N Hollywood) THEN NORTH HOLLYWOOD WHEN (AREA NAME#22 = West LA) THEN WEST LOS ANGELES ELSE upper(AREA NAME#22) END AS DIVISION#161, Rpt Dist No#23, Part 1-2#24, Crm Cd#25, Crm Cd Desc#26, Mocodes#27, Vict Age#28, Vict Sex#29, Vict Descent#30, Premis Cd#31, Premis Desc#32, Weapon Used Cd#33, Weapon Desc#34, Status#35, Status Desc#36, Crm Cd 1#37, Crm Cd 2#38, Crm Cd 3#39, Crm Cd 4#40, ... 4 more fields]
      :  +- Filter (((((isnotnull(LAT#43) AND isnotnull(LON#44)) AND isnotnull(Weapon Used Cd#33)) AND NOT (LAT#43 = 0.0)) AND NOT (LON#44 = 0.0)) AND StartsWith(cast(Weapon Used Cd#33 as string), 1))
      :     +- FileScan csv [DR_NO#17,Date Rptd#18,DATE OCC#19,TIME OCC#20,AREA#21,AREA NAME#22,Rpt Dist No#23,Part 1-2#24,Crm Cd#25,Crm Cd Desc#26,Mocodes#27,Vict Age#28,Vict Sex#29,Vict Descent#30,Premis Cd#31,Premis Desc#32,Weapon Used Cd#33,Weapon Desc#34,Status#35,Status Desc#36,Crm Cd 1#37,Crm Cd 2#38,Crm Cd 3#39,Crm Cd 4#40,... 4 more fields] Batched: false, DataFilters: [isnotnull(LAT#43), isnotnull(LON#44), isnotnull(Weapon Used Cd#33), NOT (LAT#43 = 0.0), NOT (LON..., Format: CSV, Location: InMemoryFileIndex(1 paths)[hdfs://okeanos-master:54310/project_data/Crime_Data_from_2010_to_Prese..., PartitionFilters: [], PushedFilters: [IsNotNull(LAT), IsNotNull(LON), IsNotNull(Weapon Used Cd), Not(EqualTo(LAT,0.0)), Not(EqualTo(LO..., ReadSchema: struct<DR_NO:int,Date Rptd:string,DATE OCC:string,TIME OCC:int,AREA:int,AREA NAME:string,Rpt Dist...
      +- BroadcastExchange HashedRelationBroadcastMode(List(cast(input[0, int, true] as bigint)),false), [plan_id=259]
         +- SortAggregate(key=[DR_NO#481], functions=[min(distance#254), first(DIVISION#161, false)], output=[DR_NO#481, min_distance#475, nearest_place#477])
            +- Sort [DR_NO#481 ASC NULLS FIRST], false, 0
               +- Exchange hashpartitioning(DR_NO#481, 200), ENSURE_REQUIREMENTS, [plan_id=255]
                  +- SortAggregate(key=[DR_NO#481], functions=[partial_min(distance#254), partial_first(DIVISION#161, false)], output=[DR_NO#481, min#544, first#545, valueSet#546])
                     +- Sort [DR_NO#481 ASC NULLS FIRST], false, 0
                        +- Project [DIVISION#161, DR_NO#481, pythonUDF0#540 AS distance#254]
                           +- BatchEvalPython [get_distance(LAT#507, LON#508, Y#208, X#207)#253], [pythonUDF0#540]
                              +- Project [DR_NO#481, DIVISION#161, LAT#507, LON#508, X#207, Y#208]
                                 +- BroadcastHashJoin [DIVISION#161], [DIVISION#210], LeftOuter, BuildRight, false
                                    :- Project [DR_NO#481, CASE WHEN (AREA NAME#486 = N Hollywood) THEN NORTH HOLLYWOOD WHEN (AREA NAME#486 = West LA) THEN WEST LOS ANGELES ELSE upper(AREA NAME#486) END AS DIVISION#161, LAT#507, LON#508]
                                    :  +- Filter ((((((isnotnull(LAT#507) AND isnotnull(LON#508)) AND isnotnull(Weapon Used Cd#497)) AND NOT (LAT#507 = 0.0)) AND NOT (LON#508 = 0.0)) AND StartsWith(cast(Weapon Used Cd#497 as string), 1)) AND isnotnull(DR_NO#481))
                                    :     +- FileScan csv [DR_NO#481,AREA NAME#486,Weapon Used Cd#497,LAT#507,LON#508] Batched: false, DataFilters: [isnotnull(LAT#507), isnotnull(LON#508), isnotnull(Weapon Used Cd#497), NOT (LAT#507 = 0.0), NOT ..., Format: CSV, Location: InMemoryFileIndex(1 paths)[hdfs://okeanos-master:54310/project_data/Crime_Data_from_2010_to_Prese..., PartitionFilters: [], PushedFilters: [IsNotNull(LAT), IsNotNull(LON), IsNotNull(Weapon Used Cd), Not(EqualTo(LAT,0.0)), Not(EqualTo(LO..., ReadSchema: struct<DR_NO:int,AREA NAME:string,Weapon Used Cd:int,LAT:double,LON:double>
                                    +- BroadcastExchange HashedRelationBroadcastMode(List(input[2, string, false]),false), [plan_id=246]
                                       +- Filter isnotnull(DIVISION#210)
                                          +- FileScan csv [X#207,Y#208,DIVISION#210] Batched: false, DataFilters: [isnotnull(DIVISION#210)], Format: CSV, Location: InMemoryFileIndex(1 paths)[hdfs://okeanos-master:54310/project_data/LAPD_Police_Stations.csv], PartitionFilters: [], PushedFilters: [IsNotNull(DIVISION)], ReadSchema: struct<X:double,Y:double,DIVISION:string>

+----+------------------+-----------+
|year|  average_distance|crime_count|
+----+------------------+-----------+
|2010|2.7832234206124977|       8212|
|2011| 2.792627779940296|       7232|
|2012|2.8357548486545596|       6532|
|2013| 2.826132495314075|       5838|
|2014|2.7728985164775297|       4526|
|2015|2.7058134773177747|       6763|
|2016|2.7171266994834493|       8100|
|2017|2.7239561028182324|       7786|
|2018| 2.732306511558719|       7413|
|2019| 2.739429900086959|       7129|
|2020| 2.689796460804765|       8487|
|2021| 2.691877393836416|      12324|
|2022| 2.608112987208766|      10025|
|2023| 2.547571481776539|       8896|
+----+------------------+-----------+

+---------------+-----------+------------------+
|  nearest_place|crime_count|  average_distance|
+---------------+-----------+------------------+
|    77TH STREET|      16567|2.6972210227302127|
|      SOUTHEAST|      12917|  2.10279027162776|
|         NEWTON|       9617|2.0146354569413445|
|      SOUTHWEST|       8641| 2.699419915321538|
|     HOLLENBECK|       6113|2.6491807867280732|
|         HARBOR|       5444| 4.083699413903698|
|        RAMPART|       4998| 1.578602693862515|
|        MISSION|       4463|  4.71750031436259|
|        OLYMPIC|       4336|1.8335794837217307|
|       FOOTHILL|       3943|3.8036985828653442|
|      NORTHEAST|       3848|3.9056313745609668|
|      HOLLYWOOD|       3560|1.4549117847587105|
|        CENTRAL|       3485|  1.13521270996847|
|       WILSHIRE|       3428|2.3208496365459403|
|NORTH HOLLYWOOD|       3394|2.7196218979017255|
|    WEST VALLEY|       2789| 3.525605238376689|
|       VAN NUYS|       2649| 2.214839843954806|
|        PACIFIC|       2646|3.7329758730437894|
|     DEVONSHIRE|       2602| 4.019167427465689|
|        TOPANGA|       2313| 3.479244142019252|
+---------------+-----------+------------------+
only showing top 20 rows

