query4_1.py
----------------------------------------------------------------------------------------------------
Spark session started for query4_1_SHUFFLE_REPLICATE_NL !
----------------------------------------------------------------------------------------------------
== Physical Plan ==
AdaptiveSparkPlan isFinalPlan=false
+- Project [DIVISION#161, DR_NO#17, Date Rptd#18, DATE OCC#74, TIME OCC#20, AREA#21, Rpt Dist No#23, Part 1-2#24, Crm Cd#25, Crm Cd Desc#26, Mocodes#27, Vict Age#28, Vict Sex#29, Vict Descent#30, Premis Cd#31, Premis Desc#32, Weapon Used Cd#33, Weapon Desc#34, Status#35, Status Desc#36, Crm Cd 1#37, Crm Cd 2#38, Crm Cd 3#39, Crm Cd 4#40, ... 6 more fields]
   +- BroadcastHashJoin [DIVISION#161], [DIVISION#210], LeftOuter, BuildRight, false
      :- Project [DR_NO#17, Date Rptd#18, gettimestamp(DATE OCC#19, MM/dd/yyyy hh:mm:ss a, TimestampType, Some(Europe/Athens), false) AS DATE OCC#74, TIME OCC#20, AREA#21, CASE WHEN (AREA NAME#22 = N Hollywood) THEN NORTH HOLLYWOOD WHEN (AREA NAME#22 = West LA) THEN WEST LOS ANGELES ELSE upper(AREA NAME#22) END AS DIVISION#161, Rpt Dist No#23, Part 1-2#24, Crm Cd#25, Crm Cd Desc#26, Mocodes#27, Vict Age#28, Vict Sex#29, Vict Descent#30, Premis Cd#31, Premis Desc#32, Weapon Used Cd#33, Weapon Desc#34, Status#35, Status Desc#36, Crm Cd 1#37, Crm Cd 2#38, Crm Cd 3#39, Crm Cd 4#40, ... 4 more fields]
      :  +- Filter (((((isnotnull(LAT#43) AND isnotnull(LON#44)) AND isnotnull(Weapon Used Cd#33)) AND NOT (LAT#43 = 0.0)) AND NOT (LON#44 = 0.0)) AND StartsWith(cast(Weapon Used Cd#33 as string), 1))
      :     +- FileScan csv [DR_NO#17,Date Rptd#18,DATE OCC#19,TIME OCC#20,AREA#21,AREA NAME#22,Rpt Dist No#23,Part 1-2#24,Crm Cd#25,Crm Cd Desc#26,Mocodes#27,Vict Age#28,Vict Sex#29,Vict Descent#30,Premis Cd#31,Premis Desc#32,Weapon Used Cd#33,Weapon Desc#34,Status#35,Status Desc#36,Crm Cd 1#37,Crm Cd 2#38,Crm Cd 3#39,Crm Cd 4#40,... 4 more fields] Batched: false, DataFilters: [isnotnull(LAT#43), isnotnull(LON#44), isnotnull(Weapon Used Cd#33), NOT (LAT#43 = 0.0), NOT (LON..., Format: CSV, Location: InMemoryFileIndex(1 paths)[hdfs://okeanos-master:54310/project_data/Crime_Data_from_2010_to_Prese..., PartitionFilters: [], PushedFilters: [IsNotNull(LAT), IsNotNull(LON), IsNotNull(Weapon Used Cd), Not(EqualTo(LAT,0.0)), Not(EqualTo(LO..., ReadSchema: struct<DR_NO:int,Date Rptd:string,DATE OCC:string,TIME OCC:int,AREA:int,AREA NAME:string,Rpt Dist...
      +- BroadcastExchange HashedRelationBroadcastMode(List(input[2, string, false]),false), [plan_id=64]
         +- Filter isnotnull(DIVISION#210)
            +- FileScan csv [X#207,Y#208,DIVISION#210] Batched: false, DataFilters: [isnotnull(DIVISION#210)], Format: CSV, Location: InMemoryFileIndex(1 paths)[hdfs://okeanos-master:54310/project_data/LAPD_Police_Stations.csv], PartitionFilters: [], PushedFilters: [IsNotNull(DIVISION)], ReadSchema: struct<X:double,Y:double,DIVISION:string>


Rows with big distances:
== Physical Plan ==
AdaptiveSparkPlan isFinalPlan=false
+- Project [DR_NO#17, Date Rptd#18, DATE OCC#74, TIME OCC#20, AREA#21, DIVISION#161, Rpt Dist No#23, Part 1-2#24, Crm Cd#25, Crm Cd Desc#26, Mocodes#27, Vict Age#28, Vict Sex#29, Vict Descent#30, Premis Cd#31, Premis Desc#32, Weapon Used Cd#33, Weapon Desc#34, Status#35, Status Desc#36, Crm Cd 1#37, Crm Cd 2#38, Crm Cd 3#39, Crm Cd 4#40, ... 6 more fields]
   +- SortMergeJoin [DR_NO#17], [DR_NO#324], LeftOuter
      :- Sort [DR_NO#17 ASC NULLS FIRST], false, 0
      :  +- Exchange hashpartitioning(DR_NO#17, 200), ENSURE_REQUIREMENTS, [plan_id=144]
      :     +- Project [DR_NO#17, Date Rptd#18, gettimestamp(DATE OCC#19, MM/dd/yyyy hh:mm:ss a, TimestampType, Some(Europe/Athens), false) AS DATE OCC#74, TIME OCC#20, AREA#21, CASE WHEN (AREA NAME#22 = N Hollywood) THEN NORTH HOLLYWOOD WHEN (AREA NAME#22 = West LA) THEN WEST LOS ANGELES ELSE upper(AREA NAME#22) END AS DIVISION#161, Rpt Dist No#23, Part 1-2#24, Crm Cd#25, Crm Cd Desc#26, Mocodes#27, Vict Age#28, Vict Sex#29, Vict Descent#30, Premis Cd#31, Premis Desc#32, Weapon Used Cd#33, Weapon Desc#34, Status#35, Status Desc#36, Crm Cd 1#37, Crm Cd 2#38, Crm Cd 3#39, Crm Cd 4#40, ... 4 more fields]
      :        +- Filter (((((isnotnull(LAT#43) AND isnotnull(LON#44)) AND isnotnull(Weapon Used Cd#33)) AND NOT (LAT#43 = 0.0)) AND NOT (LON#44 = 0.0)) AND StartsWith(cast(Weapon Used Cd#33 as string), 1))
      :           +- FileScan csv [DR_NO#17,Date Rptd#18,DATE OCC#19,TIME OCC#20,AREA#21,AREA NAME#22,Rpt Dist No#23,Part 1-2#24,Crm Cd#25,Crm Cd Desc#26,Mocodes#27,Vict Age#28,Vict Sex#29,Vict Descent#30,Premis Cd#31,Premis Desc#32,Weapon Used Cd#33,Weapon Desc#34,Status#35,Status Desc#36,Crm Cd 1#37,Crm Cd 2#38,Crm Cd 3#39,Crm Cd 4#40,... 4 more fields] Batched: false, DataFilters: [isnotnull(LAT#43), isnotnull(LON#44), isnotnull(Weapon Used Cd#33), NOT (LAT#43 = 0.0), NOT (LON..., Format: CSV, Location: InMemoryFileIndex(1 paths)[hdfs://okeanos-master:54310/project_data/Crime_Data_from_2010_to_Prese..., PartitionFilters: [], PushedFilters: [IsNotNull(LAT), IsNotNull(LON), IsNotNull(Weapon Used Cd), Not(EqualTo(LAT,0.0)), Not(EqualTo(LO..., ReadSchema: struct<DR_NO:int,Date Rptd:string,DATE OCC:string,TIME OCC:int,AREA:int,AREA NAME:string,Rpt Dist...
      +- SortAggregate(key=[DR_NO#324], functions=[min(distance#254), first(DIVISION#161, false)])
         +- Sort [DR_NO#324 ASC NULLS FIRST], false, 0
            +- Exchange hashpartitioning(DR_NO#324, 200), ENSURE_REQUIREMENTS, [plan_id=139]
               +- SortAggregate(key=[DR_NO#324], functions=[partial_min(distance#254), partial_first(DIVISION#161, false)])
                  +- Sort [DR_NO#324 ASC NULLS FIRST], false, 0
                     +- Project [DIVISION#161, DR_NO#324, pythonUDF0#383 AS distance#254]
                        +- BatchEvalPython [get_distance(LAT#350, LON#351, Y#208, X#207)#253], [pythonUDF0#383]
                           +- Project [DR_NO#324, DIVISION#161, LAT#350, LON#351, X#207, Y#208]
                              +- BroadcastHashJoin [DIVISION#161], [DIVISION#210], LeftOuter, BuildRight, false
                                 :- Project [DR_NO#324, CASE WHEN (AREA NAME#329 = N Hollywood) THEN NORTH HOLLYWOOD WHEN (AREA NAME#329 = West LA) THEN WEST LOS ANGELES ELSE upper(AREA NAME#329) END AS DIVISION#161, LAT#350, LON#351]
                                 :  +- Filter ((((((isnotnull(LAT#350) AND isnotnull(LON#351)) AND isnotnull(Weapon Used Cd#340)) AND NOT (LAT#350 = 0.0)) AND NOT (LON#351 = 0.0)) AND StartsWith(cast(Weapon Used Cd#340 as string), 1)) AND isnotnull(DR_NO#324))
                                 :     +- FileScan csv [DR_NO#324,AREA NAME#329,Weapon Used Cd#340,LAT#350,LON#351] Batched: false, DataFilters: [isnotnull(LAT#350), isnotnull(LON#351), isnotnull(Weapon Used Cd#340), NOT (LAT#350 = 0.0), NOT ..., Format: CSV, Location: InMemoryFileIndex(1 paths)[hdfs://okeanos-master:54310/project_data/Crime_Data_from_2010_to_Prese..., PartitionFilters: [], PushedFilters: [IsNotNull(LAT), IsNotNull(LON), IsNotNull(Weapon Used Cd), Not(EqualTo(LAT,0.0)), Not(EqualTo(LO..., ReadSchema: struct<DR_NO:int,AREA NAME:string,Weapon Used Cd:int,LAT:double,LON:double>
                                 +- BroadcastExchange HashedRelationBroadcastMode(List(input[2, string, false]),false), [plan_id=130]
                                    +- Filter isnotnull(DIVISION#210)
                                       +- FileScan csv [X#207,Y#208,DIVISION#210] Batched: false, DataFilters: [isnotnull(DIVISION#210)], Format: CSV, Location: InMemoryFileIndex(1 paths)[hdfs://okeanos-master:54310/project_data/LAPD_Police_Stations.csv], PartitionFilters: [], PushedFilters: [IsNotNull(DIVISION)], ReadSchema: struct<X:double,Y:double,DIVISION:string>


+----+------------------+-----------+
|year|  average_distance|crime_count|
+----+------------------+-----------+
|2010| 2.783223420612492|       8212|
|2011| 2.792627779940297|       7232|
|2012| 2.835754848654567|       6532|
|2013| 2.826132495314073|       5838|
|2014| 2.772898516477533|       4526|
|2015| 2.705813477317785|       6763|
|2016| 2.717126699483445|       8100|
|2017| 2.723956102818232|       7786|
|2018|  2.73230651155873|       7413|
|2019| 2.739429900086961|       7129|
|2020|2.6897964608047538|       8487|
|2021|2.6918773938364216|      12324|
|2022| 2.608112987208762|      10025|
|2023|2.5475714817765343|       8896|
+----+------------------+-----------+

+---------------+-----------+------------------+
|  nearest_place|crime_count|  average_distance|
+---------------+-----------+------------------+
|    77TH STREET|      16567| 2.697221022730245|
|      SOUTHEAST|      12917| 2.102790271627777|
|         NEWTON|       9617| 2.014635456941345|
|      SOUTHWEST|       8641| 2.699419915321525|
|     HOLLENBECK|       6113|2.6491807867281003|
|         HARBOR|       5444|4.0836994139036715|
|        RAMPART|       4998|1.5786026938625204|
|        MISSION|       4463| 4.717500314362607|
|        OLYMPIC|       4336|1.8335794837217285|
|       FOOTHILL|       3943|3.8036985828653282|
|      NORTHEAST|       3848|3.9056313745609725|
|      HOLLYWOOD|       3560|1.4549117847587085|
|        CENTRAL|       3485|1.1352127099684686|
|       WILSHIRE|       3428|2.3208496365459315|
|NORTH HOLLYWOOD|       3394| 2.719621897901713|
|    WEST VALLEY|       2789| 3.525605238376685|
|       VAN NUYS|       2649| 2.214839843954803|
|        PACIFIC|       2646|3.7329758730437743|
|     DEVONSHIRE|       2602|4.0191674274656775|
|        TOPANGA|       2313| 3.479244142019254|
+---------------+-----------+------------------+
only showing top 20 rows

