query4_1.py
----------------------------------------------------------------------------------------------------
Spark session started for query4_1_SHUFFLE_HASH !
----------------------------------------------------------------------------------------------------
== Physical Plan ==
AdaptiveSparkPlan (10)
+- Project (9)
   +- ShuffledHashJoin LeftOuter BuildRight (8)
      :- Exchange (4)
      :  +- Project (3)
      :     +- Filter (2)
      :        +- Scan csv  (1)
      +- Exchange (7)
         +- Filter (6)
            +- Scan csv  (5)


(1) Scan csv 
Output [28]: [DR_NO#17, Date Rptd#18, DATE OCC#19, TIME OCC#20, AREA#21, AREA NAME#22, Rpt Dist No#23, Part 1-2#24, Crm Cd#25, Crm Cd Desc#26, Mocodes#27, Vict Age#28, Vict Sex#29, Vict Descent#30, Premis Cd#31, Premis Desc#32, Weapon Used Cd#33, Weapon Desc#34, Status#35, Status Desc#36, Crm Cd 1#37, Crm Cd 2#38, Crm Cd 3#39, Crm Cd 4#40, LOCATION#41, Cross Street#42, LAT#43, LON#44]
Batched: false
Location: InMemoryFileIndex [hdfs://okeanos-master:54310/project_data/Crime_Data_from_2010_to_Present.csv]
PushedFilters: [IsNotNull(LAT), IsNotNull(LON), IsNotNull(Weapon Used Cd), Not(EqualTo(LAT,0.0)), Not(EqualTo(LON,0.0))]
ReadSchema: struct<DR_NO:int,Date Rptd:string,DATE OCC:string,TIME OCC:int,AREA:int,AREA NAME:string,Rpt Dist No:int,Part 1-2:int,Crm Cd:int,Crm Cd Desc:string,Mocodes:string,Vict Age:int,Vict Sex:string,Vict Descent:string,Premis Cd:int,Premis Desc:string,Weapon Used Cd:int,Weapon Desc:string,Status:string,Status Desc:string,Crm Cd 1:int,Crm Cd 2:int,Crm Cd 3:int,Crm Cd 4:int,LOCATION:string,Cross Street:string,LAT:double,LON:double>

(2) Filter
Input [28]: [DR_NO#17, Date Rptd#18, DATE OCC#19, TIME OCC#20, AREA#21, AREA NAME#22, Rpt Dist No#23, Part 1-2#24, Crm Cd#25, Crm Cd Desc#26, Mocodes#27, Vict Age#28, Vict Sex#29, Vict Descent#30, Premis Cd#31, Premis Desc#32, Weapon Used Cd#33, Weapon Desc#34, Status#35, Status Desc#36, Crm Cd 1#37, Crm Cd 2#38, Crm Cd 3#39, Crm Cd 4#40, LOCATION#41, Cross Street#42, LAT#43, LON#44]
Condition : (((((isnotnull(LAT#43) AND isnotnull(LON#44)) AND isnotnull(Weapon Used Cd#33)) AND NOT (LAT#43 = 0.0)) AND NOT (LON#44 = 0.0)) AND StartsWith(cast(Weapon Used Cd#33 as string), 1))

(3) Project
Output [28]: [DR_NO#17, Date Rptd#18, gettimestamp(DATE OCC#19, MM/dd/yyyy hh:mm:ss a, TimestampType, Some(Europe/Athens), false) AS DATE OCC#74, TIME OCC#20, AREA#21, CASE WHEN (AREA NAME#22 = N Hollywood) THEN NORTH HOLLYWOOD WHEN (AREA NAME#22 = West LA) THEN WEST LOS ANGELES ELSE upper(AREA NAME#22) END AS DIVISION#161, Rpt Dist No#23, Part 1-2#24, Crm Cd#25, Crm Cd Desc#26, Mocodes#27, Vict Age#28, Vict Sex#29, Vict Descent#30, Premis Cd#31, Premis Desc#32, Weapon Used Cd#33, Weapon Desc#34, Status#35, Status Desc#36, Crm Cd 1#37, Crm Cd 2#38, Crm Cd 3#39, Crm Cd 4#40, LOCATION#41, Cross Street#42, LAT#43, LON#44]
Input [28]: [DR_NO#17, Date Rptd#18, DATE OCC#19, TIME OCC#20, AREA#21, AREA NAME#22, Rpt Dist No#23, Part 1-2#24, Crm Cd#25, Crm Cd Desc#26, Mocodes#27, Vict Age#28, Vict Sex#29, Vict Descent#30, Premis Cd#31, Premis Desc#32, Weapon Used Cd#33, Weapon Desc#34, Status#35, Status Desc#36, Crm Cd 1#37, Crm Cd 2#38, Crm Cd 3#39, Crm Cd 4#40, LOCATION#41, Cross Street#42, LAT#43, LON#44]

(4) Exchange
Input [28]: [DR_NO#17, Date Rptd#18, DATE OCC#74, TIME OCC#20, AREA#21, DIVISION#161, Rpt Dist No#23, Part 1-2#24, Crm Cd#25, Crm Cd Desc#26, Mocodes#27, Vict Age#28, Vict Sex#29, Vict Descent#30, Premis Cd#31, Premis Desc#32, Weapon Used Cd#33, Weapon Desc#34, Status#35, Status Desc#36, Crm Cd 1#37, Crm Cd 2#38, Crm Cd 3#39, Crm Cd 4#40, LOCATION#41, Cross Street#42, LAT#43, LON#44]
Arguments: hashpartitioning(DIVISION#161, 200), ENSURE_REQUIREMENTS, [plan_id=65]

(5) Scan csv 
Output [3]: [X#207, Y#208, DIVISION#210]
Batched: false
Location: InMemoryFileIndex [hdfs://okeanos-master:54310/project_data/LAPD_Police_Stations.csv]
PushedFilters: [IsNotNull(DIVISION)]
ReadSchema: struct<X:double,Y:double,DIVISION:string>

(6) Filter
Input [3]: [X#207, Y#208, DIVISION#210]
Condition : isnotnull(DIVISION#210)

(7) Exchange
Input [3]: [X#207, Y#208, DIVISION#210]
Arguments: hashpartitioning(DIVISION#210, 200), ENSURE_REQUIREMENTS, [plan_id=66]

(8) ShuffledHashJoin
Left keys [1]: [DIVISION#161]
Right keys [1]: [DIVISION#210]
Join type: LeftOuter
Join condition: None

(9) Project
Output [30]: [DIVISION#161, DR_NO#17, Date Rptd#18, DATE OCC#74, TIME OCC#20, AREA#21, Rpt Dist No#23, Part 1-2#24, Crm Cd#25, Crm Cd Desc#26, Mocodes#27, Vict Age#28, Vict Sex#29, Vict Descent#30, Premis Cd#31, Premis Desc#32, Weapon Used Cd#33, Weapon Desc#34, Status#35, Status Desc#36, Crm Cd 1#37, Crm Cd 2#38, Crm Cd 3#39, Crm Cd 4#40, LOCATION#41, Cross Street#42, LAT#43, LON#44, X#207, Y#208]
Input [31]: [DR_NO#17, Date Rptd#18, DATE OCC#74, TIME OCC#20, AREA#21, DIVISION#161, Rpt Dist No#23, Part 1-2#24, Crm Cd#25, Crm Cd Desc#26, Mocodes#27, Vict Age#28, Vict Sex#29, Vict Descent#30, Premis Cd#31, Premis Desc#32, Weapon Used Cd#33, Weapon Desc#34, Status#35, Status Desc#36, Crm Cd 1#37, Crm Cd 2#38, Crm Cd 3#39, Crm Cd 4#40, LOCATION#41, Cross Street#42, LAT#43, LON#44, X#207, Y#208, DIVISION#210]

(10) AdaptiveSparkPlan
Output [30]: [DIVISION#161, DR_NO#17, Date Rptd#18, DATE OCC#74, TIME OCC#20, AREA#21, Rpt Dist No#23, Part 1-2#24, Crm Cd#25, Crm Cd Desc#26, Mocodes#27, Vict Age#28, Vict Sex#29, Vict Descent#30, Premis Cd#31, Premis Desc#32, Weapon Used Cd#33, Weapon Desc#34, Status#35, Status Desc#36, Crm Cd 1#37, Crm Cd 2#38, Crm Cd 3#39, Crm Cd 4#40, LOCATION#41, Cross Street#42, LAT#43, LON#44, X#207, Y#208]
Arguments: isFinalPlan=false


Rows with big distances:
== Physical Plan ==
AdaptiveSparkPlan (23)
+- Project (22)
   +- ShuffledHashJoin LeftOuter BuildRight (21)
      :- Exchange (4)
      :  +- Project (3)
      :     +- Filter (2)
      :        +- Scan csv  (1)
      +- SortAggregate (20)
         +- Sort (19)
            +- Exchange (18)
               +- SortAggregate (17)
                  +- Sort (16)
                     +- Project (15)
                        +- BatchEvalPython (14)
                           +- Project (13)
                              +- ShuffledHashJoin LeftOuter BuildRight (12)
                                 :- Exchange (8)
                                 :  +- Project (7)
                                 :     +- Filter (6)
                                 :        +- Scan csv  (5)
                                 +- Exchange (11)
                                    +- Filter (10)
                                       +- Scan csv  (9)


(1) Scan csv 
Output [28]: [DR_NO#17, Date Rptd#18, DATE OCC#19, TIME OCC#20, AREA#21, AREA NAME#22, Rpt Dist No#23, Part 1-2#24, Crm Cd#25, Crm Cd Desc#26, Mocodes#27, Vict Age#28, Vict Sex#29, Vict Descent#30, Premis Cd#31, Premis Desc#32, Weapon Used Cd#33, Weapon Desc#34, Status#35, Status Desc#36, Crm Cd 1#37, Crm Cd 2#38, Crm Cd 3#39, Crm Cd 4#40, LOCATION#41, Cross Street#42, LAT#43, LON#44]
Batched: false
Location: InMemoryFileIndex [hdfs://okeanos-master:54310/project_data/Crime_Data_from_2010_to_Present.csv]
PushedFilters: [IsNotNull(LAT), IsNotNull(LON), IsNotNull(Weapon Used Cd), Not(EqualTo(LAT,0.0)), Not(EqualTo(LON,0.0))]
ReadSchema: struct<DR_NO:int,Date Rptd:string,DATE OCC:string,TIME OCC:int,AREA:int,AREA NAME:string,Rpt Dist No:int,Part 1-2:int,Crm Cd:int,Crm Cd Desc:string,Mocodes:string,Vict Age:int,Vict Sex:string,Vict Descent:string,Premis Cd:int,Premis Desc:string,Weapon Used Cd:int,Weapon Desc:string,Status:string,Status Desc:string,Crm Cd 1:int,Crm Cd 2:int,Crm Cd 3:int,Crm Cd 4:int,LOCATION:string,Cross Street:string,LAT:double,LON:double>

(2) Filter
Input [28]: [DR_NO#17, Date Rptd#18, DATE OCC#19, TIME OCC#20, AREA#21, AREA NAME#22, Rpt Dist No#23, Part 1-2#24, Crm Cd#25, Crm Cd Desc#26, Mocodes#27, Vict Age#28, Vict Sex#29, Vict Descent#30, Premis Cd#31, Premis Desc#32, Weapon Used Cd#33, Weapon Desc#34, Status#35, Status Desc#36, Crm Cd 1#37, Crm Cd 2#38, Crm Cd 3#39, Crm Cd 4#40, LOCATION#41, Cross Street#42, LAT#43, LON#44]
Condition : (((((isnotnull(LAT#43) AND isnotnull(LON#44)) AND isnotnull(Weapon Used Cd#33)) AND NOT (LAT#43 = 0.0)) AND NOT (LON#44 = 0.0)) AND StartsWith(cast(Weapon Used Cd#33 as string), 1))

(3) Project
Output [28]: [DR_NO#17, Date Rptd#18, gettimestamp(DATE OCC#19, MM/dd/yyyy hh:mm:ss a, TimestampType, Some(Europe/Athens), false) AS DATE OCC#74, TIME OCC#20, AREA#21, CASE WHEN (AREA NAME#22 = N Hollywood) THEN NORTH HOLLYWOOD WHEN (AREA NAME#22 = West LA) THEN WEST LOS ANGELES ELSE upper(AREA NAME#22) END AS DIVISION#161, Rpt Dist No#23, Part 1-2#24, Crm Cd#25, Crm Cd Desc#26, Mocodes#27, Vict Age#28, Vict Sex#29, Vict Descent#30, Premis Cd#31, Premis Desc#32, Weapon Used Cd#33, Weapon Desc#34, Status#35, Status Desc#36, Crm Cd 1#37, Crm Cd 2#38, Crm Cd 3#39, Crm Cd 4#40, LOCATION#41, Cross Street#42, LAT#43, LON#44]
Input [28]: [DR_NO#17, Date Rptd#18, DATE OCC#19, TIME OCC#20, AREA#21, AREA NAME#22, Rpt Dist No#23, Part 1-2#24, Crm Cd#25, Crm Cd Desc#26, Mocodes#27, Vict Age#28, Vict Sex#29, Vict Descent#30, Premis Cd#31, Premis Desc#32, Weapon Used Cd#33, Weapon Desc#34, Status#35, Status Desc#36, Crm Cd 1#37, Crm Cd 2#38, Crm Cd 3#39, Crm Cd 4#40, LOCATION#41, Cross Street#42, LAT#43, LON#44]

(4) Exchange
Input [28]: [DR_NO#17, Date Rptd#18, DATE OCC#74, TIME OCC#20, AREA#21, DIVISION#161, Rpt Dist No#23, Part 1-2#24, Crm Cd#25, Crm Cd Desc#26, Mocodes#27, Vict Age#28, Vict Sex#29, Vict Descent#30, Premis Cd#31, Premis Desc#32, Weapon Used Cd#33, Weapon Desc#34, Status#35, Status Desc#36, Crm Cd 1#37, Crm Cd 2#38, Crm Cd 3#39, Crm Cd 4#40, LOCATION#41, Cross Street#42, LAT#43, LON#44]
Arguments: hashpartitioning(DR_NO#17, 200), ENSURE_REQUIREMENTS, [plan_id=148]

(5) Scan csv 
Output [5]: [DR_NO#324, AREA NAME#329, Weapon Used Cd#340, LAT#350, LON#351]
Batched: false
Location: InMemoryFileIndex [hdfs://okeanos-master:54310/project_data/Crime_Data_from_2010_to_Present.csv]
PushedFilters: [IsNotNull(LAT), IsNotNull(LON), IsNotNull(Weapon Used Cd), Not(EqualTo(LAT,0.0)), Not(EqualTo(LON,0.0)), IsNotNull(DR_NO)]
ReadSchema: struct<DR_NO:int,AREA NAME:string,Weapon Used Cd:int,LAT:double,LON:double>

(6) Filter
Input [5]: [DR_NO#324, AREA NAME#329, Weapon Used Cd#340, LAT#350, LON#351]
Condition : ((((((isnotnull(LAT#350) AND isnotnull(LON#351)) AND isnotnull(Weapon Used Cd#340)) AND NOT (LAT#350 = 0.0)) AND NOT (LON#351 = 0.0)) AND StartsWith(cast(Weapon Used Cd#340 as string), 1)) AND isnotnull(DR_NO#324))

(7) Project
Output [4]: [DR_NO#324, CASE WHEN (AREA NAME#329 = N Hollywood) THEN NORTH HOLLYWOOD WHEN (AREA NAME#329 = West LA) THEN WEST LOS ANGELES ELSE upper(AREA NAME#329) END AS DIVISION#161, LAT#350, LON#351]
Input [5]: [DR_NO#324, AREA NAME#329, Weapon Used Cd#340, LAT#350, LON#351]

(8) Exchange
Input [4]: [DR_NO#324, DIVISION#161, LAT#350, LON#351]
Arguments: hashpartitioning(DIVISION#161, 200), ENSURE_REQUIREMENTS, [plan_id=133]

(9) Scan csv 
Output [3]: [X#207, Y#208, DIVISION#210]
Batched: false
Location: InMemoryFileIndex [hdfs://okeanos-master:54310/project_data/LAPD_Police_Stations.csv]
PushedFilters: [IsNotNull(DIVISION)]
ReadSchema: struct<X:double,Y:double,DIVISION:string>

(10) Filter
Input [3]: [X#207, Y#208, DIVISION#210]
Condition : isnotnull(DIVISION#210)

(11) Exchange
Input [3]: [X#207, Y#208, DIVISION#210]
Arguments: hashpartitioning(DIVISION#210, 200), ENSURE_REQUIREMENTS, [plan_id=134]

(12) ShuffledHashJoin
Left keys [1]: [DIVISION#161]
Right keys [1]: [DIVISION#210]
Join type: LeftOuter
Join condition: None

(13) Project
Output [6]: [DR_NO#324, DIVISION#161, LAT#350, LON#351, X#207, Y#208]
Input [7]: [DR_NO#324, DIVISION#161, LAT#350, LON#351, X#207, Y#208, DIVISION#210]

(14) BatchEvalPython
Input [6]: [DR_NO#324, DIVISION#161, LAT#350, LON#351, X#207, Y#208]
Arguments: [get_distance(LAT#350, LON#351, Y#208, X#207)#253], [pythonUDF0#383]

(15) Project
Output [3]: [DIVISION#161, DR_NO#324, pythonUDF0#383 AS distance#254]
Input [7]: [DR_NO#324, DIVISION#161, LAT#350, LON#351, X#207, Y#208, pythonUDF0#383]

(16) Sort
Input [3]: [DIVISION#161, DR_NO#324, distance#254]
Arguments: [DR_NO#324 ASC NULLS FIRST], false, 0

(17) SortAggregate
Input [3]: [DIVISION#161, DR_NO#324, distance#254]
Keys [1]: [DR_NO#324]
Functions [2]: [partial_min(distance#254), partial_first(DIVISION#161, false)]
Aggregate Attributes [3]: [min#384, first#385, valueSet#386]
Results [4]: [DR_NO#324, min#387, first#388, valueSet#389]

(18) Exchange
Input [4]: [DR_NO#324, min#387, first#388, valueSet#389]
Arguments: hashpartitioning(DR_NO#324, 200), ENSURE_REQUIREMENTS, [plan_id=143]

(19) Sort
Input [4]: [DR_NO#324, min#387, first#388, valueSet#389]
Arguments: [DR_NO#324 ASC NULLS FIRST], false, 0

(20) SortAggregate
Input [4]: [DR_NO#324, min#387, first#388, valueSet#389]
Keys [1]: [DR_NO#324]
Functions [2]: [min(distance#254), first(DIVISION#161, false)]
Aggregate Attributes [2]: [min(distance#254)#317, first(DIVISION#161)()#319]
Results [3]: [DR_NO#324, min(distance#254)#317 AS min_distance#318, first(DIVISION#161)()#319 AS nearest_place#320]

(21) ShuffledHashJoin
Left keys [1]: [DR_NO#17]
Right keys [1]: [DR_NO#324]
Join type: LeftOuter
Join condition: None

(22) Project
Output [30]: [DR_NO#17, Date Rptd#18, DATE OCC#74, TIME OCC#20, AREA#21, DIVISION#161, Rpt Dist No#23, Part 1-2#24, Crm Cd#25, Crm Cd Desc#26, Mocodes#27, Vict Age#28, Vict Sex#29, Vict Descent#30, Premis Cd#31, Premis Desc#32, Weapon Used Cd#33, Weapon Desc#34, Status#35, Status Desc#36, Crm Cd 1#37, Crm Cd 2#38, Crm Cd 3#39, Crm Cd 4#40, LOCATION#41, Cross Street#42, LAT#43, LON#44, min_distance#318, nearest_place#320]
Input [31]: [DR_NO#17, Date Rptd#18, DATE OCC#74, TIME OCC#20, AREA#21, DIVISION#161, Rpt Dist No#23, Part 1-2#24, Crm Cd#25, Crm Cd Desc#26, Mocodes#27, Vict Age#28, Vict Sex#29, Vict Descent#30, Premis Cd#31, Premis Desc#32, Weapon Used Cd#33, Weapon Desc#34, Status#35, Status Desc#36, Crm Cd 1#37, Crm Cd 2#38, Crm Cd 3#39, Crm Cd 4#40, LOCATION#41, Cross Street#42, LAT#43, LON#44, DR_NO#324, min_distance#318, nearest_place#320]

(23) AdaptiveSparkPlan
Output [30]: [DR_NO#17, Date Rptd#18, DATE OCC#74, TIME OCC#20, AREA#21, DIVISION#161, Rpt Dist No#23, Part 1-2#24, Crm Cd#25, Crm Cd Desc#26, Mocodes#27, Vict Age#28, Vict Sex#29, Vict Descent#30, Premis Cd#31, Premis Desc#32, Weapon Used Cd#33, Weapon Desc#34, Status#35, Status Desc#36, Crm Cd 1#37, Crm Cd 2#38, Crm Cd 3#39, Crm Cd 4#40, LOCATION#41, Cross Street#42, LAT#43, LON#44, min_distance#318, nearest_place#320]
Arguments: isFinalPlan=false


+----+------------------+-----------+
|year|  average_distance|crime_count|
+----+------------------+-----------+
|2010|2.7832234206124857|       8212|
|2011|2.7926277799402786|       7232|
|2012| 2.835754848654562|       6532|
|2013| 2.826132495314075|       5838|
|2014| 2.772898516477523|       4526|
|2015| 2.705813477317784|       6763|
|2016| 2.717126699483454|       8100|
|2017| 2.723956102818234|       7786|
|2018| 2.732306511558724|       7413|
|2019| 2.739429900086965|       7129|
|2020|2.6897964608047666|       8487|
|2021| 2.691877393836422|      12324|
|2022|2.6081129872087834|      10025|
|2023|2.5475714817765476|       8896|
+----+------------------+-----------+

+---------------+-----------+------------------+
|  nearest_place|crime_count|  average_distance|
+---------------+-----------+------------------+
|    77TH STREET|      16567|2.6972210227302233|
|      SOUTHEAST|      12917|2.1027902716277675|
|         NEWTON|       9617|  2.01463545694134|
|      SOUTHWEST|       8641|2.6994199153215517|
|     HOLLENBECK|       6113| 2.649180786728084|
|         HARBOR|       5444| 4.083699413903691|
|        RAMPART|       4998|1.5786026938625175|
|        MISSION|       4463| 4.717500314362586|
|        OLYMPIC|       4336|1.8335794837217345|
|       FOOTHILL|       3943|3.8036985828653362|
|      NORTHEAST|       3848| 3.905631374560964|
|      HOLLYWOOD|       3560|1.4549117847587112|
|        CENTRAL|       3485| 1.135212709968468|
|       WILSHIRE|       3428|2.3208496365459412|
|NORTH HOLLYWOOD|       3394|2.7196218979017193|
|    WEST VALLEY|       2789|3.5256052383766834|
|       VAN NUYS|       2649| 2.214839843954801|
|        PACIFIC|       2646| 3.732975873043786|
|     DEVONSHIRE|       2602| 4.019167427465685|
|        TOPANGA|       2313|3.4792441420192586|
+---------------+-----------+------------------+
only showing top 20 rows

