query4_1.py
----------------------------------------------------------------------------------------------------
Spark session started for query4_1_SHUFFLE_REPLICATE_NL !
----------------------------------------------------------------------------------------------------
== Parsed Logical Plan ==
'Join UsingJoin(LeftOuter, [DIVISION])
:- Project [DR_NO#17, Date Rptd#18, DATE OCC#74, TIME OCC#20, AREA#21, upper(DIVISION#132) AS DIVISION#161, Rpt Dist No#23, Part 1-2#24, Crm Cd#25, Crm Cd Desc#26, Mocodes#27, Vict Age#28, Vict Sex#29, Vict Descent#30, Premis Cd#31, Premis Desc#32, Weapon Used Cd#33, Weapon Desc#34, Status#35, Status Desc#36, Crm Cd 1#37, Crm Cd 2#38, Crm Cd 3#39, Crm Cd 4#40, ... 4 more fields]
:  +- Project [DR_NO#17, Date Rptd#18, DATE OCC#74, TIME OCC#20, AREA#21, CASE WHEN (DIVISION#103 = N Hollywood) THEN NORTH HOLLYWOOD WHEN (DIVISION#103 = West LA) THEN WEST LOS ANGELES ELSE DIVISION#103 END AS DIVISION#132, Rpt Dist No#23, Part 1-2#24, Crm Cd#25, Crm Cd Desc#26, Mocodes#27, Vict Age#28, Vict Sex#29, Vict Descent#30, Premis Cd#31, Premis Desc#32, Weapon Used Cd#33, Weapon Desc#34, Status#35, Status Desc#36, Crm Cd 1#37, Crm Cd 2#38, Crm Cd 3#39, Crm Cd 4#40, ... 4 more fields]
:     +- Project [DR_NO#17, Date Rptd#18, DATE OCC#74, TIME OCC#20, AREA#21, AREA NAME#22 AS DIVISION#103, Rpt Dist No#23, Part 1-2#24, Crm Cd#25, Crm Cd Desc#26, Mocodes#27, Vict Age#28, Vict Sex#29, Vict Descent#30, Premis Cd#31, Premis Desc#32, Weapon Used Cd#33, Weapon Desc#34, Status#35, Status Desc#36, Crm Cd 1#37, Crm Cd 2#38, Crm Cd 3#39, Crm Cd 4#40, ... 4 more fields]
:        +- Filter StartsWith(cast(Weapon Used Cd#33 as string), 1)
:           +- Project [DR_NO#17, Date Rptd#18, to_timestamp(DATE OCC#19, Some(MM/dd/yyyy hh:mm:ss a), TimestampType, Some(Europe/Athens), false) AS DATE OCC#74, TIME OCC#20, AREA#21, AREA NAME#22, Rpt Dist No#23, Part 1-2#24, Crm Cd#25, Crm Cd Desc#26, Mocodes#27, Vict Age#28, Vict Sex#29, Vict Descent#30, Premis Cd#31, Premis Desc#32, Weapon Used Cd#33, Weapon Desc#34, Status#35, Status Desc#36, Crm Cd 1#37, Crm Cd 2#38, Crm Cd 3#39, Crm Cd 4#40, ... 4 more fields]
:              +- Filter (NOT (LAT#43 = cast(0 as double)) AND NOT (LON#44 = cast(0 as double)))
:                 +- Relation [DR_NO#17,Date Rptd#18,DATE OCC#19,TIME OCC#20,AREA#21,AREA NAME#22,Rpt Dist No#23,Part 1-2#24,Crm Cd#25,Crm Cd Desc#26,Mocodes#27,Vict Age#28,Vict Sex#29,Vict Descent#30,Premis Cd#31,Premis Desc#32,Weapon Used Cd#33,Weapon Desc#34,Status#35,Status Desc#36,Crm Cd 1#37,Crm Cd 2#38,Crm Cd 3#39,Crm Cd 4#40,... 4 more fields] csv
+- ResolvedHint (strategy=shuffle_replicate_nl)
   +- Project [DIVISION#210, X#207, Y#208]
      +- Relation [X#207,Y#208,FID#209,DIVISION#210,LOCATION#211,PREC#212] csv

== Analyzed Logical Plan ==
DIVISION: string, DR_NO: int, Date Rptd: string, DATE OCC: timestamp, TIME OCC: int, AREA: int, Rpt Dist No: int, Part 1-2: int, Crm Cd: int, Crm Cd Desc: string, Mocodes: string, Vict Age: int, Vict Sex: string, Vict Descent: string, Premis Cd: int, Premis Desc: string, Weapon Used Cd: int, Weapon Desc: string, Status: string, Status Desc: string, Crm Cd 1: int, Crm Cd 2: int, Crm Cd 3: int, Crm Cd 4: int, ... 6 more fields
Project [DIVISION#161, DR_NO#17, Date Rptd#18, DATE OCC#74, TIME OCC#20, AREA#21, Rpt Dist No#23, Part 1-2#24, Crm Cd#25, Crm Cd Desc#26, Mocodes#27, Vict Age#28, Vict Sex#29, Vict Descent#30, Premis Cd#31, Premis Desc#32, Weapon Used Cd#33, Weapon Desc#34, Status#35, Status Desc#36, Crm Cd 1#37, Crm Cd 2#38, Crm Cd 3#39, Crm Cd 4#40, ... 6 more fields]
+- Join LeftOuter, (DIVISION#161 = DIVISION#210)
   :- Project [DR_NO#17, Date Rptd#18, DATE OCC#74, TIME OCC#20, AREA#21, upper(DIVISION#132) AS DIVISION#161, Rpt Dist No#23, Part 1-2#24, Crm Cd#25, Crm Cd Desc#26, Mocodes#27, Vict Age#28, Vict Sex#29, Vict Descent#30, Premis Cd#31, Premis Desc#32, Weapon Used Cd#33, Weapon Desc#34, Status#35, Status Desc#36, Crm Cd 1#37, Crm Cd 2#38, Crm Cd 3#39, Crm Cd 4#40, ... 4 more fields]
   :  +- Project [DR_NO#17, Date Rptd#18, DATE OCC#74, TIME OCC#20, AREA#21, CASE WHEN (DIVISION#103 = N Hollywood) THEN NORTH HOLLYWOOD WHEN (DIVISION#103 = West LA) THEN WEST LOS ANGELES ELSE DIVISION#103 END AS DIVISION#132, Rpt Dist No#23, Part 1-2#24, Crm Cd#25, Crm Cd Desc#26, Mocodes#27, Vict Age#28, Vict Sex#29, Vict Descent#30, Premis Cd#31, Premis Desc#32, Weapon Used Cd#33, Weapon Desc#34, Status#35, Status Desc#36, Crm Cd 1#37, Crm Cd 2#38, Crm Cd 3#39, Crm Cd 4#40, ... 4 more fields]
   :     +- Project [DR_NO#17, Date Rptd#18, DATE OCC#74, TIME OCC#20, AREA#21, AREA NAME#22 AS DIVISION#103, Rpt Dist No#23, Part 1-2#24, Crm Cd#25, Crm Cd Desc#26, Mocodes#27, Vict Age#28, Vict Sex#29, Vict Descent#30, Premis Cd#31, Premis Desc#32, Weapon Used Cd#33, Weapon Desc#34, Status#35, Status Desc#36, Crm Cd 1#37, Crm Cd 2#38, Crm Cd 3#39, Crm Cd 4#40, ... 4 more fields]
   :        +- Filter StartsWith(cast(Weapon Used Cd#33 as string), 1)
   :           +- Project [DR_NO#17, Date Rptd#18, to_timestamp(DATE OCC#19, Some(MM/dd/yyyy hh:mm:ss a), TimestampType, Some(Europe/Athens), false) AS DATE OCC#74, TIME OCC#20, AREA#21, AREA NAME#22, Rpt Dist No#23, Part 1-2#24, Crm Cd#25, Crm Cd Desc#26, Mocodes#27, Vict Age#28, Vict Sex#29, Vict Descent#30, Premis Cd#31, Premis Desc#32, Weapon Used Cd#33, Weapon Desc#34, Status#35, Status Desc#36, Crm Cd 1#37, Crm Cd 2#38, Crm Cd 3#39, Crm Cd 4#40, ... 4 more fields]
   :              +- Filter (NOT (LAT#43 = cast(0 as double)) AND NOT (LON#44 = cast(0 as double)))
   :                 +- Relation [DR_NO#17,Date Rptd#18,DATE OCC#19,TIME OCC#20,AREA#21,AREA NAME#22,Rpt Dist No#23,Part 1-2#24,Crm Cd#25,Crm Cd Desc#26,Mocodes#27,Vict Age#28,Vict Sex#29,Vict Descent#30,Premis Cd#31,Premis Desc#32,Weapon Used Cd#33,Weapon Desc#34,Status#35,Status Desc#36,Crm Cd 1#37,Crm Cd 2#38,Crm Cd 3#39,Crm Cd 4#40,... 4 more fields] csv
   +- ResolvedHint (strategy=shuffle_replicate_nl)
      +- Project [DIVISION#210, X#207, Y#208]
         +- Relation [X#207,Y#208,FID#209,DIVISION#210,LOCATION#211,PREC#212] csv

== Optimized Logical Plan ==
Project [DIVISION#161, DR_NO#17, Date Rptd#18, DATE OCC#74, TIME OCC#20, AREA#21, Rpt Dist No#23, Part 1-2#24, Crm Cd#25, Crm Cd Desc#26, Mocodes#27, Vict Age#28, Vict Sex#29, Vict Descent#30, Premis Cd#31, Premis Desc#32, Weapon Used Cd#33, Weapon Desc#34, Status#35, Status Desc#36, Crm Cd 1#37, Crm Cd 2#38, Crm Cd 3#39, Crm Cd 4#40, ... 6 more fields]
+- Join LeftOuter, (DIVISION#161 = DIVISION#210), rightHint=(strategy=shuffle_replicate_nl)
   :- Project [DR_NO#17, Date Rptd#18, gettimestamp(DATE OCC#19, MM/dd/yyyy hh:mm:ss a, TimestampType, Some(Europe/Athens), false) AS DATE OCC#74, TIME OCC#20, AREA#21, CASE WHEN (AREA NAME#22 = N Hollywood) THEN NORTH HOLLYWOOD WHEN (AREA NAME#22 = West LA) THEN WEST LOS ANGELES ELSE upper(AREA NAME#22) END AS DIVISION#161, Rpt Dist No#23, Part 1-2#24, Crm Cd#25, Crm Cd Desc#26, Mocodes#27, Vict Age#28, Vict Sex#29, Vict Descent#30, Premis Cd#31, Premis Desc#32, Weapon Used Cd#33, Weapon Desc#34, Status#35, Status Desc#36, Crm Cd 1#37, Crm Cd 2#38, Crm Cd 3#39, Crm Cd 4#40, ... 4 more fields]
   :  +- Filter (((isnotnull(LAT#43) AND isnotnull(LON#44)) AND isnotnull(Weapon Used Cd#33)) AND ((NOT (LAT#43 = 0.0) AND NOT (LON#44 = 0.0)) AND StartsWith(cast(Weapon Used Cd#33 as string), 1)))
   :     +- Relation [DR_NO#17,Date Rptd#18,DATE OCC#19,TIME OCC#20,AREA#21,AREA NAME#22,Rpt Dist No#23,Part 1-2#24,Crm Cd#25,Crm Cd Desc#26,Mocodes#27,Vict Age#28,Vict Sex#29,Vict Descent#30,Premis Cd#31,Premis Desc#32,Weapon Used Cd#33,Weapon Desc#34,Status#35,Status Desc#36,Crm Cd 1#37,Crm Cd 2#38,Crm Cd 3#39,Crm Cd 4#40,... 4 more fields] csv
   +- Project [DIVISION#210, X#207, Y#208]
      +- Filter isnotnull(DIVISION#210)
         +- Relation [X#207,Y#208,FID#209,DIVISION#210,LOCATION#211,PREC#212] csv

== Physical Plan ==
AdaptiveSparkPlan isFinalPlan=false
+- Project [DIVISION#161, DR_NO#17, Date Rptd#18, DATE OCC#74, TIME OCC#20, AREA#21, Rpt Dist No#23, Part 1-2#24, Crm Cd#25, Crm Cd Desc#26, Mocodes#27, Vict Age#28, Vict Sex#29, Vict Descent#30, Premis Cd#31, Premis Desc#32, Weapon Used Cd#33, Weapon Desc#34, Status#35, Status Desc#36, Crm Cd 1#37, Crm Cd 2#38, Crm Cd 3#39, Crm Cd 4#40, ... 6 more fields]
   +- BroadcastHashJoin [DIVISION#161], [DIVISION#210], LeftOuter, BuildRight, false
      :- Project [DR_NO#17, Date Rptd#18, gettimestamp(DATE OCC#19, MM/dd/yyyy hh:mm:ss a, TimestampType, Some(Europe/Athens), false) AS DATE OCC#74, TIME OCC#20, AREA#21, CASE WHEN (AREA NAME#22 = N Hollywood) THEN NORTH HOLLYWOOD WHEN (AREA NAME#22 = West LA) THEN WEST LOS ANGELES ELSE upper(AREA NAME#22) END AS DIVISION#161, Rpt Dist No#23, Part 1-2#24, Crm Cd#25, Crm Cd Desc#26, Mocodes#27, Vict Age#28, Vict Sex#29, Vict Descent#30, Premis Cd#31, Premis Desc#32, Weapon Used Cd#33, Weapon Desc#34, Status#35, Status Desc#36, Crm Cd 1#37, Crm Cd 2#38, Crm Cd 3#39, Crm Cd 4#40, ... 4 more fields]
      :  +- Filter (((((isnotnull(LAT#43) AND isnotnull(LON#44)) AND isnotnull(Weapon Used Cd#33)) AND NOT (LAT#43 = 0.0)) AND NOT (LON#44 = 0.0)) AND StartsWith(cast(Weapon Used Cd#33 as string), 1))
      :     +- FileScan csv [DR_NO#17,Date Rptd#18,DATE OCC#19,TIME OCC#20,AREA#21,AREA NAME#22,Rpt Dist No#23,Part 1-2#24,Crm Cd#25,Crm Cd Desc#26,Mocodes#27,Vict Age#28,Vict Sex#29,Vict Descent#30,Premis Cd#31,Premis Desc#32,Weapon Used Cd#33,Weapon Desc#34,Status#35,Status Desc#36,Crm Cd 1#37,Crm Cd 2#38,Crm Cd 3#39,Crm Cd 4#40,... 4 more fields] Batched: false, DataFilters: [isnotnull(LAT#43), isnotnull(LON#44), isnotnull(Weapon Used Cd#33), NOT (LAT#43 = 0.0), NOT (LON..., Format: CSV, Location: InMemoryFileIndex(1 paths)[hdfs://okeanos-master:54310/project_data/Crime_Data_from_2010_to_Prese..., PartitionFilters: [], PushedFilters: [IsNotNull(LAT), IsNotNull(LON), IsNotNull(Weapon Used Cd), Not(EqualTo(LAT,0.0)), Not(EqualTo(LO..., ReadSchema: struct<DR_NO:int,Date Rptd:string,DATE OCC:string,TIME OCC:int,AREA:int,AREA NAME:string,Rpt Dist...
      +- BroadcastExchange HashedRelationBroadcastMode(List(input[2, string, false]),false), [plan_id=64]
         +- Filter isnotnull(DIVISION#210)
            +- FileScan csv [X#207,Y#208,DIVISION#210] Batched: false, DataFilters: [isnotnull(DIVISION#210)], Format: CSV, Location: InMemoryFileIndex(1 paths)[hdfs://okeanos-master:54310/project_data/LAPD_Police_Stations.csv], PartitionFilters: [], PushedFilters: [IsNotNull(DIVISION)], ReadSchema: struct<X:double,Y:double,DIVISION:string>

Rows with big distances:
== Parsed Logical Plan ==
'Join UsingJoin(LeftOuter, [DR_NO])
:- Project [DR_NO#17, Date Rptd#18, DATE OCC#74, TIME OCC#20, AREA#21, upper(DIVISION#132) AS DIVISION#161, Rpt Dist No#23, Part 1-2#24, Crm Cd#25, Crm Cd Desc#26, Mocodes#27, Vict Age#28, Vict Sex#29, Vict Descent#30, Premis Cd#31, Premis Desc#32, Weapon Used Cd#33, Weapon Desc#34, Status#35, Status Desc#36, Crm Cd 1#37, Crm Cd 2#38, Crm Cd 3#39, Crm Cd 4#40, ... 4 more fields]
:  +- Project [DR_NO#17, Date Rptd#18, DATE OCC#74, TIME OCC#20, AREA#21, CASE WHEN (DIVISION#103 = N Hollywood) THEN NORTH HOLLYWOOD WHEN (DIVISION#103 = West LA) THEN WEST LOS ANGELES ELSE DIVISION#103 END AS DIVISION#132, Rpt Dist No#23, Part 1-2#24, Crm Cd#25, Crm Cd Desc#26, Mocodes#27, Vict Age#28, Vict Sex#29, Vict Descent#30, Premis Cd#31, Premis Desc#32, Weapon Used Cd#33, Weapon Desc#34, Status#35, Status Desc#36, Crm Cd 1#37, Crm Cd 2#38, Crm Cd 3#39, Crm Cd 4#40, ... 4 more fields]
:     +- Project [DR_NO#17, Date Rptd#18, DATE OCC#74, TIME OCC#20, AREA#21, AREA NAME#22 AS DIVISION#103, Rpt Dist No#23, Part 1-2#24, Crm Cd#25, Crm Cd Desc#26, Mocodes#27, Vict Age#28, Vict Sex#29, Vict Descent#30, Premis Cd#31, Premis Desc#32, Weapon Used Cd#33, Weapon Desc#34, Status#35, Status Desc#36, Crm Cd 1#37, Crm Cd 2#38, Crm Cd 3#39, Crm Cd 4#40, ... 4 more fields]
:        +- Filter StartsWith(cast(Weapon Used Cd#33 as string), 1)
:           +- Project [DR_NO#17, Date Rptd#18, to_timestamp(DATE OCC#19, Some(MM/dd/yyyy hh:mm:ss a), TimestampType, Some(Europe/Athens), false) AS DATE OCC#74, TIME OCC#20, AREA#21, AREA NAME#22, Rpt Dist No#23, Part 1-2#24, Crm Cd#25, Crm Cd Desc#26, Mocodes#27, Vict Age#28, Vict Sex#29, Vict Descent#30, Premis Cd#31, Premis Desc#32, Weapon Used Cd#33, Weapon Desc#34, Status#35, Status Desc#36, Crm Cd 1#37, Crm Cd 2#38, Crm Cd 3#39, Crm Cd 4#40, ... 4 more fields]
:              +- Filter (NOT (LAT#43 = cast(0 as double)) AND NOT (LON#44 = cast(0 as double)))
:                 +- Relation [DR_NO#17,Date Rptd#18,DATE OCC#19,TIME OCC#20,AREA#21,AREA NAME#22,Rpt Dist No#23,Part 1-2#24,Crm Cd#25,Crm Cd Desc#26,Mocodes#27,Vict Age#28,Vict Sex#29,Vict Descent#30,Premis Cd#31,Premis Desc#32,Weapon Used Cd#33,Weapon Desc#34,Status#35,Status Desc#36,Crm Cd 1#37,Crm Cd 2#38,Crm Cd 3#39,Crm Cd 4#40,... 4 more fields] csv
+- ResolvedHint (strategy=shuffle_replicate_nl)
   +- Aggregate [DR_NO#324], [DR_NO#324, min(distance#254) AS min_distance#318, first(DIVISION#161, false) AS nearest_place#320]
      +- Project [DIVISION#161, DR_NO#324, Date Rptd#325, DATE OCC#74, TIME OCC#327, AREA#328, Rpt Dist No#330, Part 1-2#331, Crm Cd#332, Crm Cd Desc#333, Mocodes#334, Vict Age#335, Vict Sex#336, Vict Descent#337, Premis Cd#338, Premis Desc#339, Weapon Used Cd#340, Weapon Desc#341, Status#342, Status Desc#343, Crm Cd 1#344, Crm Cd 2#345, Crm Cd 3#346, Crm Cd 4#347, ... 7 more fields]
         +- Project [DIVISION#161, DR_NO#324, Date Rptd#325, DATE OCC#74, TIME OCC#327, AREA#328, Rpt Dist No#330, Part 1-2#331, Crm Cd#332, Crm Cd Desc#333, Mocodes#334, Vict Age#335, Vict Sex#336, Vict Descent#337, Premis Cd#338, Premis Desc#339, Weapon Used Cd#340, Weapon Desc#341, Status#342, Status Desc#343, Crm Cd 1#344, Crm Cd 2#345, Crm Cd 3#346, Crm Cd 4#347, ... 6 more fields]
            +- Join LeftOuter, (DIVISION#161 = DIVISION#210)
               :- Project [DR_NO#324, Date Rptd#325, DATE OCC#74, TIME OCC#327, AREA#328, upper(DIVISION#132) AS DIVISION#161, Rpt Dist No#330, Part 1-2#331, Crm Cd#332, Crm Cd Desc#333, Mocodes#334, Vict Age#335, Vict Sex#336, Vict Descent#337, Premis Cd#338, Premis Desc#339, Weapon Used Cd#340, Weapon Desc#341, Status#342, Status Desc#343, Crm Cd 1#344, Crm Cd 2#345, Crm Cd 3#346, Crm Cd 4#347, ... 4 more fields]
               :  +- Project [DR_NO#324, Date Rptd#325, DATE OCC#74, TIME OCC#327, AREA#328, CASE WHEN (DIVISION#103 = N Hollywood) THEN NORTH HOLLYWOOD WHEN (DIVISION#103 = West LA) THEN WEST LOS ANGELES ELSE DIVISION#103 END AS DIVISION#132, Rpt Dist No#330, Part 1-2#331, Crm Cd#332, Crm Cd Desc#333, Mocodes#334, Vict Age#335, Vict Sex#336, Vict Descent#337, Premis Cd#338, Premis Desc#339, Weapon Used Cd#340, Weapon Desc#341, Status#342, Status Desc#343, Crm Cd 1#344, Crm Cd 2#345, Crm Cd 3#346, Crm Cd 4#347, ... 4 more fields]
               :     +- Project [DR_NO#324, Date Rptd#325, DATE OCC#74, TIME OCC#327, AREA#328, AREA NAME#329 AS DIVISION#103, Rpt Dist No#330, Part 1-2#331, Crm Cd#332, Crm Cd Desc#333, Mocodes#334, Vict Age#335, Vict Sex#336, Vict Descent#337, Premis Cd#338, Premis Desc#339, Weapon Used Cd#340, Weapon Desc#341, Status#342, Status Desc#343, Crm Cd 1#344, Crm Cd 2#345, Crm Cd 3#346, Crm Cd 4#347, ... 4 more fields]
               :        +- Filter StartsWith(cast(Weapon Used Cd#340 as string), 1)
               :           +- Project [DR_NO#324, Date Rptd#325, to_timestamp(DATE OCC#326, Some(MM/dd/yyyy hh:mm:ss a), TimestampType, Some(Europe/Athens), false) AS DATE OCC#74, TIME OCC#327, AREA#328, AREA NAME#329, Rpt Dist No#330, Part 1-2#331, Crm Cd#332, Crm Cd Desc#333, Mocodes#334, Vict Age#335, Vict Sex#336, Vict Descent#337, Premis Cd#338, Premis Desc#339, Weapon Used Cd#340, Weapon Desc#341, Status#342, Status Desc#343, Crm Cd 1#344, Crm Cd 2#345, Crm Cd 3#346, Crm Cd 4#347, ... 4 more fields]
               :              +- Filter (NOT (LAT#350 = cast(0 as double)) AND NOT (LON#351 = cast(0 as double)))
               :                 +- Relation [DR_NO#324,Date Rptd#325,DATE OCC#326,TIME OCC#327,AREA#328,AREA NAME#329,Rpt Dist No#330,Part 1-2#331,Crm Cd#332,Crm Cd Desc#333,Mocodes#334,Vict Age#335,Vict Sex#336,Vict Descent#337,Premis Cd#338,Premis Desc#339,Weapon Used Cd#340,Weapon Desc#341,Status#342,Status Desc#343,Crm Cd 1#344,Crm Cd 2#345,Crm Cd 3#346,Crm Cd 4#347,... 4 more fields] csv
               +- ResolvedHint (strategy=shuffle_replicate_nl)
                  +- Project [DIVISION#210, X#207, Y#208]
                     +- Relation [X#207,Y#208,FID#209,DIVISION#210,LOCATION#211,PREC#212] csv

== Analyzed Logical Plan ==
DR_NO: int, Date Rptd: string, DATE OCC: timestamp, TIME OCC: int, AREA: int, DIVISION: string, Rpt Dist No: int, Part 1-2: int, Crm Cd: int, Crm Cd Desc: string, Mocodes: string, Vict Age: int, Vict Sex: string, Vict Descent: string, Premis Cd: int, Premis Desc: string, Weapon Used Cd: int, Weapon Desc: string, Status: string, Status Desc: string, Crm Cd 1: int, Crm Cd 2: int, Crm Cd 3: int, Crm Cd 4: int, ... 6 more fields
Project [DR_NO#17, Date Rptd#18, DATE OCC#74, TIME OCC#20, AREA#21, DIVISION#161, Rpt Dist No#23, Part 1-2#24, Crm Cd#25, Crm Cd Desc#26, Mocodes#27, Vict Age#28, Vict Sex#29, Vict Descent#30, Premis Cd#31, Premis Desc#32, Weapon Used Cd#33, Weapon Desc#34, Status#35, Status Desc#36, Crm Cd 1#37, Crm Cd 2#38, Crm Cd 3#39, Crm Cd 4#40, ... 6 more fields]
+- Join LeftOuter, (DR_NO#17 = DR_NO#324)
   :- Project [DR_NO#17, Date Rptd#18, DATE OCC#74, TIME OCC#20, AREA#21, upper(DIVISION#132) AS DIVISION#161, Rpt Dist No#23, Part 1-2#24, Crm Cd#25, Crm Cd Desc#26, Mocodes#27, Vict Age#28, Vict Sex#29, Vict Descent#30, Premis Cd#31, Premis Desc#32, Weapon Used Cd#33, Weapon Desc#34, Status#35, Status Desc#36, Crm Cd 1#37, Crm Cd 2#38, Crm Cd 3#39, Crm Cd 4#40, ... 4 more fields]
   :  +- Project [DR_NO#17, Date Rptd#18, DATE OCC#74, TIME OCC#20, AREA#21, CASE WHEN (DIVISION#103 = N Hollywood) THEN NORTH HOLLYWOOD WHEN (DIVISION#103 = West LA) THEN WEST LOS ANGELES ELSE DIVISION#103 END AS DIVISION#132, Rpt Dist No#23, Part 1-2#24, Crm Cd#25, Crm Cd Desc#26, Mocodes#27, Vict Age#28, Vict Sex#29, Vict Descent#30, Premis Cd#31, Premis Desc#32, Weapon Used Cd#33, Weapon Desc#34, Status#35, Status Desc#36, Crm Cd 1#37, Crm Cd 2#38, Crm Cd 3#39, Crm Cd 4#40, ... 4 more fields]
   :     +- Project [DR_NO#17, Date Rptd#18, DATE OCC#74, TIME OCC#20, AREA#21, AREA NAME#22 AS DIVISION#103, Rpt Dist No#23, Part 1-2#24, Crm Cd#25, Crm Cd Desc#26, Mocodes#27, Vict Age#28, Vict Sex#29, Vict Descent#30, Premis Cd#31, Premis Desc#32, Weapon Used Cd#33, Weapon Desc#34, Status#35, Status Desc#36, Crm Cd 1#37, Crm Cd 2#38, Crm Cd 3#39, Crm Cd 4#40, ... 4 more fields]
   :        +- Filter StartsWith(cast(Weapon Used Cd#33 as string), 1)
   :           +- Project [DR_NO#17, Date Rptd#18, to_timestamp(DATE OCC#19, Some(MM/dd/yyyy hh:mm:ss a), TimestampType, Some(Europe/Athens), false) AS DATE OCC#74, TIME OCC#20, AREA#21, AREA NAME#22, Rpt Dist No#23, Part 1-2#24, Crm Cd#25, Crm Cd Desc#26, Mocodes#27, Vict Age#28, Vict Sex#29, Vict Descent#30, Premis Cd#31, Premis Desc#32, Weapon Used Cd#33, Weapon Desc#34, Status#35, Status Desc#36, Crm Cd 1#37, Crm Cd 2#38, Crm Cd 3#39, Crm Cd 4#40, ... 4 more fields]
   :              +- Filter (NOT (LAT#43 = cast(0 as double)) AND NOT (LON#44 = cast(0 as double)))
   :                 +- Relation [DR_NO#17,Date Rptd#18,DATE OCC#19,TIME OCC#20,AREA#21,AREA NAME#22,Rpt Dist No#23,Part 1-2#24,Crm Cd#25,Crm Cd Desc#26,Mocodes#27,Vict Age#28,Vict Sex#29,Vict Descent#30,Premis Cd#31,Premis Desc#32,Weapon Used Cd#33,Weapon Desc#34,Status#35,Status Desc#36,Crm Cd 1#37,Crm Cd 2#38,Crm Cd 3#39,Crm Cd 4#40,... 4 more fields] csv
   +- ResolvedHint (strategy=shuffle_replicate_nl)
      +- Aggregate [DR_NO#324], [DR_NO#324, min(distance#254) AS min_distance#318, first(DIVISION#161, false) AS nearest_place#320]
         +- Project [DIVISION#161, DR_NO#324, Date Rptd#325, DATE OCC#74, TIME OCC#327, AREA#328, Rpt Dist No#330, Part 1-2#331, Crm Cd#332, Crm Cd Desc#333, Mocodes#334, Vict Age#335, Vict Sex#336, Vict Descent#337, Premis Cd#338, Premis Desc#339, Weapon Used Cd#340, Weapon Desc#341, Status#342, Status Desc#343, Crm Cd 1#344, Crm Cd 2#345, Crm Cd 3#346, Crm Cd 4#347, ... 7 more fields]
            +- Project [DIVISION#161, DR_NO#324, Date Rptd#325, DATE OCC#74, TIME OCC#327, AREA#328, Rpt Dist No#330, Part 1-2#331, Crm Cd#332, Crm Cd Desc#333, Mocodes#334, Vict Age#335, Vict Sex#336, Vict Descent#337, Premis Cd#338, Premis Desc#339, Weapon Used Cd#340, Weapon Desc#341, Status#342, Status Desc#343, Crm Cd 1#344, Crm Cd 2#345, Crm Cd 3#346, Crm Cd 4#347, ... 6 more fields]
               +- Join LeftOuter, (DIVISION#161 = DIVISION#210)
                  :- Project [DR_NO#324, Date Rptd#325, DATE OCC#74, TIME OCC#327, AREA#328, upper(DIVISION#132) AS DIVISION#161, Rpt Dist No#330, Part 1-2#331, Crm Cd#332, Crm Cd Desc#333, Mocodes#334, Vict Age#335, Vict Sex#336, Vict Descent#337, Premis Cd#338, Premis Desc#339, Weapon Used Cd#340, Weapon Desc#341, Status#342, Status Desc#343, Crm Cd 1#344, Crm Cd 2#345, Crm Cd 3#346, Crm Cd 4#347, ... 4 more fields]
                  :  +- Project [DR_NO#324, Date Rptd#325, DATE OCC#74, TIME OCC#327, AREA#328, CASE WHEN (DIVISION#103 = N Hollywood) THEN NORTH HOLLYWOOD WHEN (DIVISION#103 = West LA) THEN WEST LOS ANGELES ELSE DIVISION#103 END AS DIVISION#132, Rpt Dist No#330, Part 1-2#331, Crm Cd#332, Crm Cd Desc#333, Mocodes#334, Vict Age#335, Vict Sex#336, Vict Descent#337, Premis Cd#338, Premis Desc#339, Weapon Used Cd#340, Weapon Desc#341, Status#342, Status Desc#343, Crm Cd 1#344, Crm Cd 2#345, Crm Cd 3#346, Crm Cd 4#347, ... 4 more fields]
                  :     +- Project [DR_NO#324, Date Rptd#325, DATE OCC#74, TIME OCC#327, AREA#328, AREA NAME#329 AS DIVISION#103, Rpt Dist No#330, Part 1-2#331, Crm Cd#332, Crm Cd Desc#333, Mocodes#334, Vict Age#335, Vict Sex#336, Vict Descent#337, Premis Cd#338, Premis Desc#339, Weapon Used Cd#340, Weapon Desc#341, Status#342, Status Desc#343, Crm Cd 1#344, Crm Cd 2#345, Crm Cd 3#346, Crm Cd 4#347, ... 4 more fields]
                  :        +- Filter StartsWith(cast(Weapon Used Cd#340 as string), 1)
                  :           +- Project [DR_NO#324, Date Rptd#325, to_timestamp(DATE OCC#326, Some(MM/dd/yyyy hh:mm:ss a), TimestampType, Some(Europe/Athens), false) AS DATE OCC#74, TIME OCC#327, AREA#328, AREA NAME#329, Rpt Dist No#330, Part 1-2#331, Crm Cd#332, Crm Cd Desc#333, Mocodes#334, Vict Age#335, Vict Sex#336, Vict Descent#337, Premis Cd#338, Premis Desc#339, Weapon Used Cd#340, Weapon Desc#341, Status#342, Status Desc#343, Crm Cd 1#344, Crm Cd 2#345, Crm Cd 3#346, Crm Cd 4#347, ... 4 more fields]
                  :              +- Filter (NOT (LAT#350 = cast(0 as double)) AND NOT (LON#351 = cast(0 as double)))
                  :                 +- Relation [DR_NO#324,Date Rptd#325,DATE OCC#326,TIME OCC#327,AREA#328,AREA NAME#329,Rpt Dist No#330,Part 1-2#331,Crm Cd#332,Crm Cd Desc#333,Mocodes#334,Vict Age#335,Vict Sex#336,Vict Descent#337,Premis Cd#338,Premis Desc#339,Weapon Used Cd#340,Weapon Desc#341,Status#342,Status Desc#343,Crm Cd 1#344,Crm Cd 2#345,Crm Cd 3#346,Crm Cd 4#347,... 4 more fields] csv
                  +- ResolvedHint (strategy=shuffle_replicate_nl)
                     +- Project [DIVISION#210, X#207, Y#208]
                        +- Relation [X#207,Y#208,FID#209,DIVISION#210,LOCATION#211,PREC#212] csv

== Optimized Logical Plan ==
Project [DR_NO#17, Date Rptd#18, DATE OCC#74, TIME OCC#20, AREA#21, DIVISION#161, Rpt Dist No#23, Part 1-2#24, Crm Cd#25, Crm Cd Desc#26, Mocodes#27, Vict Age#28, Vict Sex#29, Vict Descent#30, Premis Cd#31, Premis Desc#32, Weapon Used Cd#33, Weapon Desc#34, Status#35, Status Desc#36, Crm Cd 1#37, Crm Cd 2#38, Crm Cd 3#39, Crm Cd 4#40, ... 6 more fields]
+- Join LeftOuter, (DR_NO#17 = DR_NO#324), rightHint=(strategy=shuffle_replicate_nl)
   :- Project [DR_NO#17, Date Rptd#18, gettimestamp(DATE OCC#19, MM/dd/yyyy hh:mm:ss a, TimestampType, Some(Europe/Athens), false) AS DATE OCC#74, TIME OCC#20, AREA#21, CASE WHEN (AREA NAME#22 = N Hollywood) THEN NORTH HOLLYWOOD WHEN (AREA NAME#22 = West LA) THEN WEST LOS ANGELES ELSE upper(AREA NAME#22) END AS DIVISION#161, Rpt Dist No#23, Part 1-2#24, Crm Cd#25, Crm Cd Desc#26, Mocodes#27, Vict Age#28, Vict Sex#29, Vict Descent#30, Premis Cd#31, Premis Desc#32, Weapon Used Cd#33, Weapon Desc#34, Status#35, Status Desc#36, Crm Cd 1#37, Crm Cd 2#38, Crm Cd 3#39, Crm Cd 4#40, ... 4 more fields]
   :  +- Filter (((isnotnull(LAT#43) AND isnotnull(LON#44)) AND isnotnull(Weapon Used Cd#33)) AND ((NOT (LAT#43 = 0.0) AND NOT (LON#44 = 0.0)) AND StartsWith(cast(Weapon Used Cd#33 as string), 1)))
   :     +- Relation [DR_NO#17,Date Rptd#18,DATE OCC#19,TIME OCC#20,AREA#21,AREA NAME#22,Rpt Dist No#23,Part 1-2#24,Crm Cd#25,Crm Cd Desc#26,Mocodes#27,Vict Age#28,Vict Sex#29,Vict Descent#30,Premis Cd#31,Premis Desc#32,Weapon Used Cd#33,Weapon Desc#34,Status#35,Status Desc#36,Crm Cd 1#37,Crm Cd 2#38,Crm Cd 3#39,Crm Cd 4#40,... 4 more fields] csv
   +- Aggregate [DR_NO#324], [DR_NO#324, min(distance#254) AS min_distance#318, first(DIVISION#161, false) AS nearest_place#320]
      +- Project [DIVISION#161, DR_NO#324, pythonUDF0#383 AS distance#254]
         +- BatchEvalPython [get_distance(LAT#350, LON#351, Y#208, X#207)#253], [pythonUDF0#383]
            +- Project [DR_NO#324, DIVISION#161, LAT#350, LON#351, X#207, Y#208]
               +- Join LeftOuter, (DIVISION#161 = DIVISION#210), rightHint=(strategy=shuffle_replicate_nl)
                  :- Project [DR_NO#324, CASE WHEN (AREA NAME#329 = N Hollywood) THEN NORTH HOLLYWOOD WHEN (AREA NAME#329 = West LA) THEN WEST LOS ANGELES ELSE upper(AREA NAME#329) END AS DIVISION#161, LAT#350, LON#351]
                  :  +- Filter ((((isnotnull(LAT#350) AND isnotnull(LON#351)) AND isnotnull(Weapon Used Cd#340)) AND ((NOT (LAT#350 = 0.0) AND NOT (LON#351 = 0.0)) AND StartsWith(cast(Weapon Used Cd#340 as string), 1))) AND isnotnull(DR_NO#324))
                  :     +- Relation [DR_NO#324,Date Rptd#325,DATE OCC#326,TIME OCC#327,AREA#328,AREA NAME#329,Rpt Dist No#330,Part 1-2#331,Crm Cd#332,Crm Cd Desc#333,Mocodes#334,Vict Age#335,Vict Sex#336,Vict Descent#337,Premis Cd#338,Premis Desc#339,Weapon Used Cd#340,Weapon Desc#341,Status#342,Status Desc#343,Crm Cd 1#344,Crm Cd 2#345,Crm Cd 3#346,Crm Cd 4#347,... 4 more fields] csv
                  +- Project [DIVISION#210, X#207, Y#208]
                     +- Filter isnotnull(DIVISION#210)
                        +- Relation [X#207,Y#208,FID#209,DIVISION#210,LOCATION#211,PREC#212] csv

== Physical Plan ==
AdaptiveSparkPlan isFinalPlan=false
+- Project [DR_NO#17, Date Rptd#18, DATE OCC#74, TIME OCC#20, AREA#21, DIVISION#161, Rpt Dist No#23, Part 1-2#24, Crm Cd#25, Crm Cd Desc#26, Mocodes#27, Vict Age#28, Vict Sex#29, Vict Descent#30, Premis Cd#31, Premis Desc#32, Weapon Used Cd#33, Weapon Desc#34, Status#35, Status Desc#36, Crm Cd 1#37, Crm Cd 2#38, Crm Cd 3#39, Crm Cd 4#40, ... 6 more fields]
   +- SortMergeJoin [DR_NO#17], [DR_NO#324], LeftOuter
      :- Sort [DR_NO#17 ASC NULLS FIRST], false, 0
      :  +- Exchange hashpartitioning(DR_NO#17, 200), ENSURE_REQUIREMENTS, [plan_id=144]
      :     +- Project [DR_NO#17, Date Rptd#18, gettimestamp(DATE OCC#19, MM/dd/yyyy hh:mm:ss a, TimestampType, Some(Europe/Athens), false) AS DATE OCC#74, TIME OCC#20, AREA#21, CASE WHEN (AREA NAME#22 = N Hollywood) THEN NORTH HOLLYWOOD WHEN (AREA NAME#22 = West LA) THEN WEST LOS ANGELES ELSE upper(AREA NAME#22) END AS DIVISION#161, Rpt Dist No#23, Part 1-2#24, Crm Cd#25, Crm Cd Desc#26, Mocodes#27, Vict Age#28, Vict Sex#29, Vict Descent#30, Premis Cd#31, Premis Desc#32, Weapon Used Cd#33, Weapon Desc#34, Status#35, Status Desc#36, Crm Cd 1#37, Crm Cd 2#38, Crm Cd 3#39, Crm Cd 4#40, ... 4 more fields]
      :        +- Filter (((((isnotnull(LAT#43) AND isnotnull(LON#44)) AND isnotnull(Weapon Used Cd#33)) AND NOT (LAT#43 = 0.0)) AND NOT (LON#44 = 0.0)) AND StartsWith(cast(Weapon Used Cd#33 as string), 1))
      :           +- FileScan csv [DR_NO#17,Date Rptd#18,DATE OCC#19,TIME OCC#20,AREA#21,AREA NAME#22,Rpt Dist No#23,Part 1-2#24,Crm Cd#25,Crm Cd Desc#26,Mocodes#27,Vict Age#28,Vict Sex#29,Vict Descent#30,Premis Cd#31,Premis Desc#32,Weapon Used Cd#33,Weapon Desc#34,Status#35,Status Desc#36,Crm Cd 1#37,Crm Cd 2#38,Crm Cd 3#39,Crm Cd 4#40,... 4 more fields] Batched: false, DataFilters: [isnotnull(LAT#43), isnotnull(LON#44), isnotnull(Weapon Used Cd#33), NOT (LAT#43 = 0.0), NOT (LON..., Format: CSV, Location: InMemoryFileIndex(1 paths)[hdfs://okeanos-master:54310/project_data/Crime_Data_from_2010_to_Prese..., PartitionFilters: [], PushedFilters: [IsNotNull(LAT), IsNotNull(LON), IsNotNull(Weapon Used Cd), Not(EqualTo(LAT,0.0)), Not(EqualTo(LO..., ReadSchema: struct<DR_NO:int,Date Rptd:string,DATE OCC:string,TIME OCC:int,AREA:int,AREA NAME:string,Rpt Dist...
      +- SortAggregate(key=[DR_NO#324], functions=[min(distance#254), first(DIVISION#161, false)], output=[DR_NO#324, min_distance#318, nearest_place#320])
         +- Sort [DR_NO#324 ASC NULLS FIRST], false, 0
            +- Exchange hashpartitioning(DR_NO#324, 200), ENSURE_REQUIREMENTS, [plan_id=139]
               +- SortAggregate(key=[DR_NO#324], functions=[partial_min(distance#254), partial_first(DIVISION#161, false)], output=[DR_NO#324, min#387, first#388, valueSet#389])
                  +- Sort [DR_NO#324 ASC NULLS FIRST], false, 0
                     +- Project [DIVISION#161, DR_NO#324, pythonUDF0#383 AS distance#254]
                        +- BatchEvalPython [get_distance(LAT#350, LON#351, Y#208, X#207)#253], [pythonUDF0#383]
                           +- Project [DR_NO#324, DIVISION#161, LAT#350, LON#351, X#207, Y#208]
                              +- BroadcastHashJoin [DIVISION#161], [DIVISION#210], LeftOuter, BuildRight, false
                                 :- Project [DR_NO#324, CASE WHEN (AREA NAME#329 = N Hollywood) THEN NORTH HOLLYWOOD WHEN (AREA NAME#329 = West LA) THEN WEST LOS ANGELES ELSE upper(AREA NAME#329) END AS DIVISION#161, LAT#350, LON#351]
                                 :  +- Filter ((((((isnotnull(LAT#350) AND isnotnull(LON#351)) AND isnotnull(Weapon Used Cd#340)) AND NOT (LAT#350 = 0.0)) AND NOT (LON#351 = 0.0)) AND StartsWith(cast(Weapon Used Cd#340 as string), 1)) AND isnotnull(DR_NO#324))
                                 :     +- FileScan csv [DR_NO#324,AREA NAME#329,Weapon Used Cd#340,LAT#350,LON#351] Batched: false, DataFilters: [isnotnull(LAT#350), isnotnull(LON#351), isnotnull(Weapon Used Cd#340), NOT (LAT#350 = 0.0), NOT ..., Format: CSV, Location: InMemoryFileIndex(1 paths)[hdfs://okeanos-master:54310/project_data/Crime_Data_from_2010_to_Prese..., PartitionFilters: [], PushedFilters: [IsNotNull(LAT), IsNotNull(LON), IsNotNull(Weapon Used Cd), Not(EqualTo(LAT,0.0)), Not(EqualTo(LO..., ReadSchema: struct<DR_NO:int,AREA NAME:string,Weapon Used Cd:int,LAT:double,LON:double>
                                 +- BroadcastExchange HashedRelationBroadcastMode(List(input[2, string, false]),false), [plan_id=130]
                                    +- Filter isnotnull(DIVISION#210)
                                       +- FileScan csv [X#207,Y#208,DIVISION#210] Batched: false, DataFilters: [isnotnull(DIVISION#210)], Format: CSV, Location: InMemoryFileIndex(1 paths)[hdfs://okeanos-master:54310/project_data/LAPD_Police_Stations.csv], PartitionFilters: [], PushedFilters: [IsNotNull(DIVISION)], ReadSchema: struct<X:double,Y:double,DIVISION:string>

+----+------------------+-----------+
|year|  average_distance|crime_count|
+----+------------------+-----------+
|2010| 2.783223420612492|       8212|
|2011| 2.792627779940297|       7232|
|2012| 2.835754848654567|       6532|
|2013| 2.826132495314073|       5838|
|2014| 2.772898516477533|       4526|
|2015| 2.705813477317785|       6763|
|2016| 2.717126699483445|       8100|
|2017| 2.723956102818232|       7786|
|2018|  2.73230651155873|       7413|
|2019|2.7394299000869644|       7129|
|2020|2.6897964608047538|       8487|
|2021|2.6918773938364216|      12324|
|2022| 2.608112987208764|      10025|
|2023|2.5475714817765347|       8896|
+----+------------------+-----------+

+---------------+-----------+------------------+
|  nearest_place|crime_count|  average_distance|
+---------------+-----------+------------------+
|    77TH STREET|      16567| 2.697221022730226|
|      SOUTHEAST|      12917| 2.102790271627757|
|         NEWTON|       9617|2.0146354569413294|
|      SOUTHWEST|       8641| 2.699419915321535|
|     HOLLENBECK|       6113| 2.649180786728088|
|         HARBOR|       5444| 4.083699413903708|
|        RAMPART|       4998|1.5786026938625222|
|        MISSION|       4463| 4.717500314362596|
|        OLYMPIC|       4336|1.8335794837217307|
|       FOOTHILL|       3943| 3.803698582865329|
|      NORTHEAST|       3848|3.9056313745609748|
|      HOLLYWOOD|       3560|1.4549117847587085|
|        CENTRAL|       3485|1.1352127099684706|
|       WILSHIRE|       3428| 2.320849636545935|
|NORTH HOLLYWOOD|       3394|2.7196218979017144|
|    WEST VALLEY|       2789|3.5256052383766976|
|       VAN NUYS|       2649|2.2148398439548003|
|        PACIFIC|       2646|3.7329758730437868|
|     DEVONSHIRE|       2602| 4.019167427465684|
|        TOPANGA|       2313|3.4792441420192657|
+---------------+-----------+------------------+
only showing top 20 rows

