query4_2.py
----------------------------------------------------------------------------------------------------
Spark session started for query4_2_MERGE !
----------------------------------------------------------------------------------------------------
== Physical Plan ==
AdaptiveSparkPlan isFinalPlan=false
+- BroadcastNestedLoopJoin BuildRight, Cross
   :- Project [DR_NO#17, Date Rptd#18, gettimestamp(DATE OCC#19, MM/dd/yyyy hh:mm:ss a, TimestampType, Some(Europe/Athens), false) AS DATE OCC#74, TIME OCC#20, AREA#21, CASE WHEN (AREA NAME#22 = N Hollywood) THEN NORTH HOLLYWOOD WHEN (AREA NAME#22 = West LA) THEN WEST LOS ANGELES ELSE upper(AREA NAME#22) END AS AREA NAME#132, Rpt Dist No#23, Part 1-2#24, Crm Cd#25, Crm Cd Desc#26, Mocodes#27, Vict Age#28, Vict Sex#29, Vict Descent#30, Premis Cd#31, Premis Desc#32, Weapon Used Cd#33, Weapon Desc#34, Status#35, Status Desc#36, Crm Cd 1#37, Crm Cd 2#38, Crm Cd 3#39, Crm Cd 4#40, ... 4 more fields]
   :  +- Filter (((((isnotnull(LAT#43) AND isnotnull(LON#44)) AND isnotnull(Weapon Used Cd#33)) AND NOT (LAT#43 = 0.0)) AND NOT (LON#44 = 0.0)) AND StartsWith(cast(Weapon Used Cd#33 as string), 1))
   :     +- FileScan csv [DR_NO#17,Date Rptd#18,DATE OCC#19,TIME OCC#20,AREA#21,AREA NAME#22,Rpt Dist No#23,Part 1-2#24,Crm Cd#25,Crm Cd Desc#26,Mocodes#27,Vict Age#28,Vict Sex#29,Vict Descent#30,Premis Cd#31,Premis Desc#32,Weapon Used Cd#33,Weapon Desc#34,Status#35,Status Desc#36,Crm Cd 1#37,Crm Cd 2#38,Crm Cd 3#39,Crm Cd 4#40,... 4 more fields] Batched: false, DataFilters: [isnotnull(LAT#43), isnotnull(LON#44), isnotnull(Weapon Used Cd#33), NOT (LAT#43 = 0.0), NOT (LON..., Format: CSV, Location: InMemoryFileIndex(1 paths)[hdfs://okeanos-master:54310/project_data/Crime_Data_from_2010_to_Prese..., PartitionFilters: [], PushedFilters: [IsNotNull(LAT), IsNotNull(LON), IsNotNull(Weapon Used Cd), Not(EqualTo(LAT,0.0)), Not(EqualTo(LO..., ReadSchema: struct<DR_NO:int,Date Rptd:string,DATE OCC:string,TIME OCC:int,AREA:int,AREA NAME:string,Rpt Dist...
   +- BroadcastExchange IdentityBroadcastMode, [plan_id=54]
      +- FileScan csv [X#178,Y#179,DIVISION#181] Batched: false, DataFilters: [], Format: CSV, Location: InMemoryFileIndex(1 paths)[hdfs://okeanos-master:54310/project_data/LAPD_Police_Stations.csv], PartitionFilters: [], PushedFilters: [], ReadSchema: struct<X:double,Y:double,DIVISION:string>


== Physical Plan ==
AdaptiveSparkPlan isFinalPlan=false
+- Project [DR_NO#17, Date Rptd#18, DATE OCC#74, TIME OCC#20, AREA#21, AREA NAME#132, Rpt Dist No#23, Part 1-2#24, Crm Cd#25, Crm Cd Desc#26, Mocodes#27, Vict Age#28, Vict Sex#29, Vict Descent#30, Premis Cd#31, Premis Desc#32, Weapon Used Cd#33, Weapon Desc#34, Status#35, Status Desc#36, Crm Cd 1#37, Crm Cd 2#38, Crm Cd 3#39, Crm Cd 4#40, ... 6 more fields]
   +- SortMergeJoin [DR_NO#17], [DR_NO#297], LeftOuter
      :- Sort [DR_NO#17 ASC NULLS FIRST], false, 0
      :  +- Exchange hashpartitioning(DR_NO#17, 200), ENSURE_REQUIREMENTS, [plan_id=131]
      :     +- Project [DR_NO#17, Date Rptd#18, gettimestamp(DATE OCC#19, MM/dd/yyyy hh:mm:ss a, TimestampType, Some(Europe/Athens), false) AS DATE OCC#74, TIME OCC#20, AREA#21, CASE WHEN (AREA NAME#22 = N Hollywood) THEN NORTH HOLLYWOOD WHEN (AREA NAME#22 = West LA) THEN WEST LOS ANGELES ELSE upper(AREA NAME#22) END AS AREA NAME#132, Rpt Dist No#23, Part 1-2#24, Crm Cd#25, Crm Cd Desc#26, Mocodes#27, Vict Age#28, Vict Sex#29, Vict Descent#30, Premis Cd#31, Premis Desc#32, Weapon Used Cd#33, Weapon Desc#34, Status#35, Status Desc#36, Crm Cd 1#37, Crm Cd 2#38, Crm Cd 3#39, Crm Cd 4#40, ... 4 more fields]
      :        +- Filter (((((isnotnull(LAT#43) AND isnotnull(LON#44)) AND isnotnull(Weapon Used Cd#33)) AND NOT (LAT#43 = 0.0)) AND NOT (LON#44 = 0.0)) AND StartsWith(cast(Weapon Used Cd#33 as string), 1))
      :           +- FileScan csv [DR_NO#17,Date Rptd#18,DATE OCC#19,TIME OCC#20,AREA#21,AREA NAME#22,Rpt Dist No#23,Part 1-2#24,Crm Cd#25,Crm Cd Desc#26,Mocodes#27,Vict Age#28,Vict Sex#29,Vict Descent#30,Premis Cd#31,Premis Desc#32,Weapon Used Cd#33,Weapon Desc#34,Status#35,Status Desc#36,Crm Cd 1#37,Crm Cd 2#38,Crm Cd 3#39,Crm Cd 4#40,... 4 more fields] Batched: false, DataFilters: [isnotnull(LAT#43), isnotnull(LON#44), isnotnull(Weapon Used Cd#33), NOT (LAT#43 = 0.0), NOT (LON..., Format: CSV, Location: InMemoryFileIndex(1 paths)[hdfs://okeanos-master:54310/project_data/Crime_Data_from_2010_to_Prese..., PartitionFilters: [], PushedFilters: [IsNotNull(LAT), IsNotNull(LON), IsNotNull(Weapon Used Cd), Not(EqualTo(LAT,0.0)), Not(EqualTo(LO..., ReadSchema: struct<DR_NO:int,Date Rptd:string,DATE OCC:string,TIME OCC:int,AREA:int,AREA NAME:string,Rpt Dist...
      +- Project [DR_NO#297, DIVISION#181, distance#226]
         +- Filter (rank#260 = 1)
            +- Window [row_number() windowspecdefinition(DR_NO#297, distance#226 ASC NULLS FIRST, specifiedwindowframe(RowFrame, unboundedpreceding$(), currentrow$())) AS rank#260], [DR_NO#297], [distance#226 ASC NULLS FIRST]
               +- WindowGroupLimit [DR_NO#297], [distance#226 ASC NULLS FIRST], row_number(), 1, Final
                  +- Sort [DR_NO#297 ASC NULLS FIRST, distance#226 ASC NULLS FIRST], false, 0
                     +- Exchange hashpartitioning(DR_NO#297, 200), ENSURE_REQUIREMENTS, [plan_id=123]
                        +- WindowGroupLimit [DR_NO#297], [distance#226 ASC NULLS FIRST], row_number(), 1, Partial
                           +- Sort [DR_NO#297 ASC NULLS FIRST, distance#226 ASC NULLS FIRST], false, 0
                              +- Project [DR_NO#297, DIVISION#181, pythonUDF0#356 AS distance#226]
                                 +- BatchEvalPython [get_distance(LAT#323, LON#324, Y#179, X#178)#225], [pythonUDF0#356]
                                    +- BroadcastNestedLoopJoin BuildRight, Cross
                                       :- Project [DR_NO#297, LAT#323, LON#324]
                                       :  +- Filter ((((((isnotnull(LAT#323) AND isnotnull(LON#324)) AND isnotnull(Weapon Used Cd#313)) AND NOT (LAT#323 = 0.0)) AND NOT (LON#324 = 0.0)) AND StartsWith(cast(Weapon Used Cd#313 as string), 1)) AND isnotnull(DR_NO#297))
                                       :     +- FileScan csv [DR_NO#297,Weapon Used Cd#313,LAT#323,LON#324] Batched: false, DataFilters: [isnotnull(LAT#323), isnotnull(LON#324), isnotnull(Weapon Used Cd#313), NOT (LAT#323 = 0.0), NOT ..., Format: CSV, Location: InMemoryFileIndex(1 paths)[hdfs://okeanos-master:54310/project_data/Crime_Data_from_2010_to_Prese..., PartitionFilters: [], PushedFilters: [IsNotNull(LAT), IsNotNull(LON), IsNotNull(Weapon Used Cd), Not(EqualTo(LAT,0.0)), Not(EqualTo(LO..., ReadSchema: struct<DR_NO:int,Weapon Used Cd:int,LAT:double,LON:double>
                                       +- BroadcastExchange IdentityBroadcastMode, [plan_id=115]
                                          +- FileScan csv [X#178,Y#179,DIVISION#181] Batched: false, DataFilters: [], Format: CSV, Location: InMemoryFileIndex(1 paths)[hdfs://okeanos-master:54310/project_data/LAPD_Police_Stations.csv], PartitionFilters: [], PushedFilters: [], ReadSchema: struct<X:double,Y:double,DIVISION:string>


+----+------------------+-----------+
|year|  average_distance|crime_count|
+----+------------------+-----------+
|2010|2.4342351310730423|       8212|
|2011|2.4610050784309907|       7232|
|2012|2.5055255743371387|       6532|
|2013|2.4555437568989564|       5838|
|2014|2.3879294419713766|       4526|
|2015| 2.387261320024827|       6763|
|2016| 2.428195035737646|       8100|
|2017| 2.391618932774623|       7786|
|2018| 2.408207973743855|       7413|
|2019|2.4294088109777427|       7129|
|2020|2.3836158379200185|       8487|
|2021| 2.406949935507567|      12324|
|2022| 2.312096005221279|      10025|
|2023|2.2659285230179105|       8896|
+----+------------------+-----------+

+---------------+------------------+-----------+
|       DIVISION|  average_distance|crime_count|
+---------------+------------------+-----------+
|    77TH STREET|1.7215559668317935|      13489|
|      SOUTHEAST|2.1955986195059656|      11816|
|      SOUTHWEST| 2.279343343133398|      11209|
|         NEWTON|1.5693029438285102|       7161|
|       WILSHIRE|  2.44465056494784|       6253|
|     HOLLENBECK|2.6368430364933215|       6174|
|        OLYMPIC|1.6654702507186885|       5415|
|      HOLLYWOOD|  2.00865591038643|       5378|
|         HARBOR|3.8982379354204513|       5322|
|        RAMPART|1.3978586849187007|       4700|
|       FOOTHILL|3.6003578272455172|       4693|
|       VAN NUYS| 2.973470126952908|       4673|
|        CENTRAL|1.0176983019996628|       3584|
|NORTH HOLLYWOOD|2.7455806429314475|       3389|
|      NORTHEAST| 3.755563871818787|       3096|
|        MISSION|3.8067591648144883|       2853|
|    WEST VALLEY|2.7933743074834942|       2755|
|        PACIFIC|3.7014554679410687|       2522|
|        TOPANGA|3.0519644506900683|       2435|
|     DEVONSHIRE|2.9846027225677396|       1332|
+---------------+------------------+-----------+
only showing top 20 rows

